[04 Jun 2015 17:29:15,965] INFO  : ====== Inicio processamento: Thu Jun  4 17:29:15 2015  ===========  
[04 Jun 2015 17:29:15,966] INFO  : Lendo arquivo 'discover.names'
[04 Jun 2015 17:29:21,889] INFO  : -> Tempo de execucao: 6 segundo(s) 
[04 Jun 2015 17:29:21,889] INFO  :    - Quantidade lida:  51   
[04 Jun 2015 17:29:21,890] INFO  : Lendo arquivo 'discover.names'
[04 Jun 2015 18:16:47,328] INFO  : -> Tempo de execucao: 2846 segundo(s) 
[04 Jun 2015 18:16:47,329] INFO  :    - Quantidade lida:  28421   
[04 Jun 2015 18:16:47,351] INFO  : Mapeando arquivo 'discover.names'
[05 Jun 2015 01:10:39,669] INFO  : -> Tempo de execucao: 24832 segundo(s) 
[05 Jun 2015 01:10:39,670] INFO  :    - Quantidade lida:  28421   
[05 Jun 2015 01:10:39,674] INFO  : Buscando sinonimos de sinonimos e associando ao hash de 'mapeamento do arquivo names'
[05 Jun 2015 08:55:41,982] INFO  : -> Tempo de execucao: 27902 segundo(s) 
[05 Jun 2015 08:55:41,983] INFO  :    - Quantidade lida:  2898   
[05 Jun 2015 08:55:41,990] INFO  : Mapeando objetos e adicionando ao hash, as infor. do arquivo 'discover.data'
[05 Jun 2015 09:27:56,211] INFO  : -> Tempo de execucao: 1935 segundo(s) 
[05 Jun 2015 09:27:56,211] INFO  :    - Quantidade lida:  51   
[05 Jun 2015 09:27:56,219] INFO  : >>>  Manipulando matriz do arquivo 'discover.data'
[05 Jun 2015 10:00:07,355] INFO  : -> Tempo de execucao: 1931 segundo(s) 
[05 Jun 2015 10:00:07,356] INFO  :    - Quantidade lida:  51   
[05 Jun 2015 10:00:07,357] WARN  :     => Coluna para ser removida: 1002 
[05 Jun 2015 10:00:07,358] WARN  :     => Coluna para ser removida: 1006 
[05 Jun 2015 10:00:07,359] WARN  :     => Coluna para ser removida: 1015 
[05 Jun 2015 10:00:07,359] WARN  :     => Coluna para ser removida: 103 
[05 Jun 2015 10:00:07,360] WARN  :     => Coluna para ser removida: 1030 
[05 Jun 2015 10:00:07,361] WARN  :     => Coluna para ser removida: 1053 
[05 Jun 2015 10:00:07,361] WARN  :     => Coluna para ser removida: 1054 
[05 Jun 2015 10:00:07,362] WARN  :     => Coluna para ser removida: 1079 
[05 Jun 2015 10:00:07,363] WARN  :     => Coluna para ser removida: 108 
[05 Jun 2015 10:00:07,363] WARN  :     => Coluna para ser removida: 11057 
[05 Jun 2015 10:00:07,364] WARN  :     => Coluna para ser removida: 1115 
[05 Jun 2015 10:00:07,364] WARN  :     => Coluna para ser removida: 1119 
[05 Jun 2015 10:00:07,365] WARN  :     => Coluna para ser removida: 1130 
[05 Jun 2015 10:00:07,365] WARN  :     => Coluna para ser removida: 1139 
[05 Jun 2015 10:00:07,366] WARN  :     => Coluna para ser removida: 11464 
[05 Jun 2015 10:00:07,366] WARN  :     => Coluna para ser removida: 11488 
[05 Jun 2015 10:00:07,367] WARN  :     => Coluna para ser removida: 1152 
[05 Jun 2015 10:00:07,368] WARN  :     => Coluna para ser removida: 1157 
[05 Jun 2015 10:00:07,368] WARN  :     => Coluna para ser removida: 1160 
[05 Jun 2015 10:00:07,369] WARN  :     => Coluna para ser removida: 1165 
[05 Jun 2015 10:00:07,369] WARN  :     => Coluna para ser removida: 1166 
[05 Jun 2015 10:00:07,370] WARN  :     => Coluna para ser removida: 11664 
[05 Jun 2015 10:00:07,371] WARN  :     => Coluna para ser removida: 1174 
[05 Jun 2015 10:00:07,371] WARN  :     => Coluna para ser removida: 1175 
[05 Jun 2015 10:00:07,372] WARN  :     => Coluna para ser removida: 1187 
[05 Jun 2015 10:00:07,373] WARN  :     => Coluna para ser removida: 12274 
[05 Jun 2015 10:00:07,373] WARN  :     => Coluna para ser removida: 1248 
[05 Jun 2015 10:00:07,374] WARN  :     => Coluna para ser removida: 1271 
[05 Jun 2015 10:00:07,374] WARN  :     => Coluna para ser removida: 1273 
[05 Jun 2015 10:00:07,375] WARN  :     => Coluna para ser removida: 129 
[05 Jun 2015 10:00:07,375] WARN  :     => Coluna para ser removida: 1307 
[05 Jun 2015 10:00:07,376] WARN  :     => Coluna para ser removida: 1311 
[05 Jun 2015 10:00:07,376] WARN  :     => Coluna para ser removida: 1326 
[05 Jun 2015 10:00:07,377] WARN  :     => Coluna para ser removida: 1332 
[05 Jun 2015 10:00:07,378] WARN  :     => Coluna para ser removida: 1338 
[05 Jun 2015 10:00:07,378] WARN  :     => Coluna para ser removida: 135 
[05 Jun 2015 10:00:07,379] WARN  :     => Coluna para ser removida: 1361 
[05 Jun 2015 10:00:07,381] WARN  :     => Coluna para ser removida: 1367 
[05 Jun 2015 10:00:07,384] WARN  :     => Coluna para ser removida: 1380 
[05 Jun 2015 10:00:07,386] WARN  :     => Coluna para ser removida: 1381 
[05 Jun 2015 10:00:07,388] WARN  :     => Coluna para ser removida: 1388 
[05 Jun 2015 10:00:07,389] WARN  :     => Coluna para ser removida: 1389 
[05 Jun 2015 10:00:07,391] WARN  :     => Coluna para ser removida: 1395 
[05 Jun 2015 10:00:07,392] WARN  :     => Coluna para ser removida: 1399 
[05 Jun 2015 10:00:07,393] WARN  :     => Coluna para ser removida: 1414 
[05 Jun 2015 10:00:07,395] WARN  :     => Coluna para ser removida: 1432 
[05 Jun 2015 10:00:07,397] WARN  :     => Coluna para ser removida: 1433 
[05 Jun 2015 10:00:07,398] WARN  :     => Coluna para ser removida: 1446 
[05 Jun 2015 10:00:07,400] WARN  :     => Coluna para ser removida: 147 
[05 Jun 2015 10:00:07,401] WARN  :     => Coluna para ser removida: 1475 
[05 Jun 2015 10:00:07,403] WARN  :     => Coluna para ser removida: 1487 
[05 Jun 2015 10:00:07,404] WARN  :     => Coluna para ser removida: 1491 
[05 Jun 2015 10:00:07,405] WARN  :     => Coluna para ser removida: 1499 
[05 Jun 2015 10:00:07,407] WARN  :     => Coluna para ser removida: 15007 
[05 Jun 2015 10:00:07,408] WARN  :     => Coluna para ser removida: 1503 
[05 Jun 2015 10:00:07,409] WARN  :     => Coluna para ser removida: 1513 
[05 Jun 2015 10:00:07,410] WARN  :     => Coluna para ser removida: 15375 
[05 Jun 2015 10:00:07,412] WARN  :     => Coluna para ser removida: 1543 
[05 Jun 2015 10:00:07,413] WARN  :     => Coluna para ser removida: 1551 
[05 Jun 2015 10:00:07,414] WARN  :     => Coluna para ser removida: 15716 
[05 Jun 2015 10:00:07,416] WARN  :     => Coluna para ser removida: 1572 
[05 Jun 2015 10:00:07,417] WARN  :     => Coluna para ser removida: 1581 
[05 Jun 2015 10:00:07,419] WARN  :     => Coluna para ser removida: 1597 
[05 Jun 2015 10:00:07,420] WARN  :     => Coluna para ser removida: 16 
[05 Jun 2015 10:00:07,421] WARN  :     => Coluna para ser removida: 16155 
[05 Jun 2015 10:00:07,422] WARN  :     => Coluna para ser removida: 1618 
[05 Jun 2015 10:00:07,423] WARN  :     => Coluna para ser removida: 1633 
[05 Jun 2015 10:00:07,423] WARN  :     => Coluna para ser removida: 1641 
[05 Jun 2015 10:00:07,424] WARN  :     => Coluna para ser removida: 1645 
[05 Jun 2015 10:00:07,425] WARN  :     => Coluna para ser removida: 1649 
[05 Jun 2015 10:00:07,425] WARN  :     => Coluna para ser removida: 1657 
[05 Jun 2015 10:00:07,426] WARN  :     => Coluna para ser removida: 1674 
[05 Jun 2015 10:00:07,427] WARN  :     => Coluna para ser removida: 1685 
[05 Jun 2015 10:00:07,428] WARN  :     => Coluna para ser removida: 1687 
[05 Jun 2015 10:00:07,428] WARN  :     => Coluna para ser removida: 169 
[05 Jun 2015 10:00:07,429] WARN  :     => Coluna para ser removida: 1692 
[05 Jun 2015 10:00:07,430] WARN  :     => Coluna para ser removida: 1706 
[05 Jun 2015 10:00:07,431] WARN  :     => Coluna para ser removida: 1712 
[05 Jun 2015 10:00:07,431] WARN  :     => Coluna para ser removida: 17332 
[05 Jun 2015 10:00:07,432] WARN  :     => Coluna para ser removida: 1734 
[05 Jun 2015 10:00:07,433] WARN  :     => Coluna para ser removida: 1735 
[05 Jun 2015 10:00:07,434] WARN  :     => Coluna para ser removida: 1758 
[05 Jun 2015 10:00:07,434] WARN  :     => Coluna para ser removida: 1800 
[05 Jun 2015 10:00:07,435] WARN  :     => Coluna para ser removida: 181 
[05 Jun 2015 10:00:07,436] WARN  :     => Coluna para ser removida: 1823 
[05 Jun 2015 10:00:07,437] WARN  :     => Coluna para ser removida: 1831 
[05 Jun 2015 10:00:07,437] WARN  :     => Coluna para ser removida: 1832 
[05 Jun 2015 10:00:07,438] WARN  :     => Coluna para ser removida: 1836 
[05 Jun 2015 10:00:07,439] WARN  :     => Coluna para ser removida: 1842 
[05 Jun 2015 10:00:07,439] WARN  :     => Coluna para ser removida: 1852 
[05 Jun 2015 10:00:07,440] WARN  :     => Coluna para ser removida: 1856 
[05 Jun 2015 10:00:07,441] WARN  :     => Coluna para ser removida: 18578 
[05 Jun 2015 10:00:07,441] WARN  :     => Coluna para ser removida: 1858 
[05 Jun 2015 10:00:07,442] WARN  :     => Coluna para ser removida: 1868 
[05 Jun 2015 10:00:07,443] WARN  :     => Coluna para ser removida: 187 
[05 Jun 2015 10:00:07,444] WARN  :     => Coluna para ser removida: 1870 
[05 Jun 2015 10:00:07,444] WARN  :     => Coluna para ser removida: 1878 
[05 Jun 2015 10:00:07,445] WARN  :     => Coluna para ser removida: 18956 
[05 Jun 2015 10:00:07,446] WARN  :     => Coluna para ser removida: 1900 
[05 Jun 2015 10:00:07,447] WARN  :     => Coluna para ser removida: 1905 
[05 Jun 2015 10:00:07,447] WARN  :     => Coluna para ser removida: 1908 
[05 Jun 2015 10:00:07,448] WARN  :     => Coluna para ser removida: 1911 
[05 Jun 2015 10:00:07,449] WARN  :     => Coluna para ser removida: 1920 
[05 Jun 2015 10:00:07,449] WARN  :     => Coluna para ser removida: 1921 
[05 Jun 2015 10:00:07,450] WARN  :     => Coluna para ser removida: 1927 
[05 Jun 2015 10:00:07,451] WARN  :     => Coluna para ser removida: 194 
[05 Jun 2015 10:00:07,452] WARN  :     => Coluna para ser removida: 19438 
[05 Jun 2015 10:00:07,452] WARN  :     => Coluna para ser removida: 1947 
[05 Jun 2015 10:00:07,453] WARN  :     => Coluna para ser removida: 1948 
[05 Jun 2015 10:00:07,454] WARN  :     => Coluna para ser removida: 1949 
[05 Jun 2015 10:00:07,454] WARN  :     => Coluna para ser removida: 195 
[05 Jun 2015 10:00:07,455] WARN  :     => Coluna para ser removida: 1971 
[05 Jun 2015 10:00:07,456] WARN  :     => Coluna para ser removida: 1973 
[05 Jun 2015 10:00:07,456] WARN  :     => Coluna para ser removida: 1992 
[05 Jun 2015 10:00:07,457] WARN  :     => Coluna para ser removida: 1999 
[05 Jun 2015 10:00:07,458] WARN  :     => Coluna para ser removida: 2002 
[05 Jun 2015 10:00:07,458] WARN  :     => Coluna para ser removida: 20054 
[05 Jun 2015 10:00:07,459] WARN  :     => Coluna para ser removida: 2007 
[05 Jun 2015 10:00:07,460] WARN  :     => Coluna para ser removida: 2022 
[05 Jun 2015 10:00:07,460] WARN  :     => Coluna para ser removida: 2038 
[05 Jun 2015 10:00:07,461] WARN  :     => Coluna para ser removida: 20527 
[05 Jun 2015 10:00:07,462] WARN  :     => Coluna para ser removida: 2061 
[05 Jun 2015 10:00:07,463] WARN  :     => Coluna para ser removida: 2063 
[05 Jun 2015 10:00:07,464] WARN  :     => Coluna para ser removida: 2067 
[05 Jun 2015 10:00:07,465] WARN  :     => Coluna para ser removida: 2101 
[05 Jun 2015 10:00:07,465] WARN  :     => Coluna para ser removida: 2103 
[05 Jun 2015 10:00:07,466] WARN  :     => Coluna para ser removida: 2108 
[05 Jun 2015 10:00:07,467] WARN  :     => Coluna para ser removida: 2129 
[05 Jun 2015 10:00:07,468] WARN  :     => Coluna para ser removida: 2133 
[05 Jun 2015 10:00:07,468] WARN  :     => Coluna para ser removida: 2142 
[05 Jun 2015 10:00:07,469] WARN  :     => Coluna para ser removida: 2144 
[05 Jun 2015 10:00:07,470] WARN  :     => Coluna para ser removida: 2145 
[05 Jun 2015 10:00:07,471] WARN  :     => Coluna para ser removida: 2158 
[05 Jun 2015 10:00:07,471] WARN  :     => Coluna para ser removida: 2159 
[05 Jun 2015 10:00:07,472] WARN  :     => Coluna para ser removida: 2160 
[05 Jun 2015 10:00:07,473] WARN  :     => Coluna para ser removida: 2166 
[05 Jun 2015 10:00:07,473] WARN  :     => Coluna para ser removida: 2168 
[05 Jun 2015 10:00:07,474] WARN  :     => Coluna para ser removida: 2170 
[05 Jun 2015 10:00:07,475] WARN  :     => Coluna para ser removida: 2187 
[05 Jun 2015 10:00:07,475] WARN  :     => Coluna para ser removida: 219 
[05 Jun 2015 10:00:07,476] WARN  :     => Coluna para ser removida: 2191 
[05 Jun 2015 10:00:07,476] WARN  :     => Coluna para ser removida: 2194 
[05 Jun 2015 10:00:07,477] WARN  :     => Coluna para ser removida: 2195 
[05 Jun 2015 10:00:07,477] WARN  :     => Coluna para ser removida: 2219 
[05 Jun 2015 10:00:07,478] WARN  :     => Coluna para ser removida: 2222 
[05 Jun 2015 10:00:07,478] WARN  :     => Coluna para ser removida: 2237 
[05 Jun 2015 10:00:07,479] WARN  :     => Coluna para ser removida: 224 
[05 Jun 2015 10:00:07,479] WARN  :     => Coluna para ser removida: 2241 
[05 Jun 2015 10:00:07,480] WARN  :     => Coluna para ser removida: 2249 
[05 Jun 2015 10:00:07,480] WARN  :     => Coluna para ser removida: 2250 
[05 Jun 2015 10:00:07,481] WARN  :     => Coluna para ser removida: 2251 
[05 Jun 2015 10:00:07,481] WARN  :     => Coluna para ser removida: 2253 
[05 Jun 2015 10:00:07,482] WARN  :     => Coluna para ser removida: 2263 
[05 Jun 2015 10:00:07,482] WARN  :     => Coluna para ser removida: 2282 
[05 Jun 2015 10:00:07,483] WARN  :     => Coluna para ser removida: 2286 
[05 Jun 2015 10:00:07,483] WARN  :     => Coluna para ser removida: 2289 
[05 Jun 2015 10:00:07,484] WARN  :     => Coluna para ser removida: 2297 
[05 Jun 2015 10:00:07,484] WARN  :     => Coluna para ser removida: 2298 
[05 Jun 2015 10:00:07,484] WARN  :     => Coluna para ser removida: 23043 
[05 Jun 2015 10:00:07,485] WARN  :     => Coluna para ser removida: 2309 
[05 Jun 2015 10:00:07,485] WARN  :     => Coluna para ser removida: 2324 
[05 Jun 2015 10:00:07,486] WARN  :     => Coluna para ser removida: 2329 
[05 Jun 2015 10:00:07,486] WARN  :     => Coluna para ser removida: 2331 
[05 Jun 2015 10:00:07,487] WARN  :     => Coluna para ser removida: 234 
[05 Jun 2015 10:00:07,487] WARN  :     => Coluna para ser removida: 23402 
[05 Jun 2015 10:00:07,488] WARN  :     => Coluna para ser removida: 2342 
[05 Jun 2015 10:00:07,488] WARN  :     => Coluna para ser removida: 2349 
[05 Jun 2015 10:00:07,489] WARN  :     => Coluna para ser removida: 2352 
[05 Jun 2015 10:00:07,489] WARN  :     => Coluna para ser removida: 2353 
[05 Jun 2015 10:00:07,489] WARN  :     => Coluna para ser removida: 2361 
[05 Jun 2015 10:00:07,490] WARN  :     => Coluna para ser removida: 2364 
[05 Jun 2015 10:00:07,490] WARN  :     => Coluna para ser removida: 2366 
[05 Jun 2015 10:00:07,491] WARN  :     => Coluna para ser removida: 2367 
[05 Jun 2015 10:00:07,491] WARN  :     => Coluna para ser removida: 2374 
[05 Jun 2015 10:00:07,492] WARN  :     => Coluna para ser removida: 2380 
[05 Jun 2015 10:00:07,493] WARN  :     => Coluna para ser removida: 2397 
[05 Jun 2015 10:00:07,493] WARN  :     => Coluna para ser removida: 2399 
[05 Jun 2015 10:00:07,493] WARN  :     => Coluna para ser removida: 2407 
[05 Jun 2015 10:00:07,494] WARN  :     => Coluna para ser removida: 2408 
[05 Jun 2015 10:00:07,495] WARN  :     => Coluna para ser removida: 2412 
[05 Jun 2015 10:00:07,495] WARN  :     => Coluna para ser removida: 24210 
[05 Jun 2015 10:00:07,495] WARN  :     => Coluna para ser removida: 2426 
[05 Jun 2015 10:00:07,496] WARN  :     => Coluna para ser removida: 2436 
[05 Jun 2015 10:00:07,496] WARN  :     => Coluna para ser removida: 244 
[05 Jun 2015 10:00:07,497] WARN  :     => Coluna para ser removida: 24486 
[05 Jun 2015 10:00:07,497] WARN  :     => Coluna para ser removida: 2465 
[05 Jun 2015 10:00:07,498] WARN  :     => Coluna para ser removida: 2469 
[05 Jun 2015 10:00:07,498] WARN  :     => Coluna para ser removida: 248 
[05 Jun 2015 10:00:07,499] WARN  :     => Coluna para ser removida: 2482 
[05 Jun 2015 10:00:07,499] WARN  :     => Coluna para ser removida: 2494 
[05 Jun 2015 10:00:07,499] WARN  :     => Coluna para ser removida: 2497 
[05 Jun 2015 10:00:07,500] WARN  :     => Coluna para ser removida: 2501 
[05 Jun 2015 10:00:07,500] WARN  :     => Coluna para ser removida: 2506 
[05 Jun 2015 10:00:07,501] WARN  :     => Coluna para ser removida: 2513 
[05 Jun 2015 10:00:07,501] WARN  :     => Coluna para ser removida: 2518 
[05 Jun 2015 10:00:07,502] WARN  :     => Coluna para ser removida: 2521 
[05 Jun 2015 10:00:07,502] WARN  :     => Coluna para ser removida: 2525 
[05 Jun 2015 10:00:07,502] WARN  :     => Coluna para ser removida: 2538 
[05 Jun 2015 10:00:07,503] WARN  :     => Coluna para ser removida: 2539 
[05 Jun 2015 10:00:07,503] WARN  :     => Coluna para ser removida: 2542 
[05 Jun 2015 10:00:07,504] WARN  :     => Coluna para ser removida: 2552 
[05 Jun 2015 10:00:07,504] WARN  :     => Coluna para ser removida: 2563 
[05 Jun 2015 10:00:07,505] WARN  :     => Coluna para ser removida: 2566 
[05 Jun 2015 10:00:07,505] WARN  :     => Coluna para ser removida: 2569 
[05 Jun 2015 10:00:07,506] WARN  :     => Coluna para ser removida: 2580 
[05 Jun 2015 10:00:07,506] WARN  :     => Coluna para ser removida: 2583 
[05 Jun 2015 10:00:07,507] WARN  :     => Coluna para ser removida: 26011 
[05 Jun 2015 10:00:07,507] WARN  :     => Coluna para ser removida: 2607 
[05 Jun 2015 10:00:07,507] WARN  :     => Coluna para ser removida: 2608 
[05 Jun 2015 10:00:07,508] WARN  :     => Coluna para ser removida: 2613 
[05 Jun 2015 10:00:07,508] WARN  :     => Coluna para ser removida: 2615 
[05 Jun 2015 10:00:07,509] WARN  :     => Coluna para ser removida: 2630 
[05 Jun 2015 10:00:07,509] WARN  :     => Coluna para ser removida: 2637 
[05 Jun 2015 10:00:07,510] WARN  :     => Coluna para ser removida: 2643 
[05 Jun 2015 10:00:07,510] WARN  :     => Coluna para ser removida: 2644 
[05 Jun 2015 10:00:07,511] WARN  :     => Coluna para ser removida: 2650 
[05 Jun 2015 10:00:07,511] WARN  :     => Coluna para ser removida: 2654 
[05 Jun 2015 10:00:07,512] WARN  :     => Coluna para ser removida: 2657 
[05 Jun 2015 10:00:07,512] WARN  :     => Coluna para ser removida: 2673 
[05 Jun 2015 10:00:07,513] WARN  :     => Coluna para ser removida: 2678 
[05 Jun 2015 10:00:07,513] WARN  :     => Coluna para ser removida: 2699 
[05 Jun 2015 10:00:07,514] WARN  :     => Coluna para ser removida: 2703 
[05 Jun 2015 10:00:07,514] WARN  :     => Coluna para ser removida: 2704 
[05 Jun 2015 10:00:07,515] WARN  :     => Coluna para ser removida: 2706 
[05 Jun 2015 10:00:07,515] WARN  :     => Coluna para ser removida: 2709 
[05 Jun 2015 10:00:07,515] WARN  :     => Coluna para ser removida: 27142 
[05 Jun 2015 10:00:07,516] WARN  :     => Coluna para ser removida: 2724 
[05 Jun 2015 10:00:07,516] WARN  :     => Coluna para ser removida: 2728 
[05 Jun 2015 10:00:07,517] WARN  :     => Coluna para ser removida: 273 
[05 Jun 2015 10:00:07,517] WARN  :     => Coluna para ser removida: 2733 
[05 Jun 2015 10:00:07,518] WARN  :     => Coluna para ser removida: 27393 
[05 Jun 2015 10:00:07,518] WARN  :     => Coluna para ser removida: 2745 
[05 Jun 2015 10:00:07,519] WARN  :     => Coluna para ser removida: 2749 
[05 Jun 2015 10:00:07,519] WARN  :     => Coluna para ser removida: 2751 
[05 Jun 2015 10:00:07,519] WARN  :     => Coluna para ser removida: 2757 
[05 Jun 2015 10:00:07,520] WARN  :     => Coluna para ser removida: 2774 
[05 Jun 2015 10:00:07,520] WARN  :     => Coluna para ser removida: 2785 
[05 Jun 2015 10:00:07,521] WARN  :     => Coluna para ser removida: 27901 
[05 Jun 2015 10:00:07,521] WARN  :     => Coluna para ser removida: 2794 
[05 Jun 2015 10:00:07,522] WARN  :     => Coluna para ser removida: 2798 
[05 Jun 2015 10:00:07,522] WARN  :     => Coluna para ser removida: 2799 
[05 Jun 2015 10:00:07,523] WARN  :     => Coluna para ser removida: 27995 
[05 Jun 2015 10:00:07,523] WARN  :     => Coluna para ser removida: 2801 
[05 Jun 2015 10:00:07,523] WARN  :     => Coluna para ser removida: 2804 
[05 Jun 2015 10:00:07,524] WARN  :     => Coluna para ser removida: 2805 
[05 Jun 2015 10:00:07,524] WARN  :     => Coluna para ser removida: 2811 
[05 Jun 2015 10:00:07,525] WARN  :     => Coluna para ser removida: 2813 
[05 Jun 2015 10:00:07,525] WARN  :     => Coluna para ser removida: 2815 
[05 Jun 2015 10:00:07,526] WARN  :     => Coluna para ser removida: 2816 
[05 Jun 2015 10:00:07,526] WARN  :     => Coluna para ser removida: 28178 
[05 Jun 2015 10:00:07,527] WARN  :     => Coluna para ser removida: 28233 
[05 Jun 2015 10:00:07,527] WARN  :     => Coluna para ser removida: 2829 
[05 Jun 2015 10:00:07,528] WARN  :     => Coluna para ser removida: 2830 
[05 Jun 2015 10:00:07,528] WARN  :     => Coluna para ser removida: 2835 
[05 Jun 2015 10:00:07,529] WARN  :     => Coluna para ser removida: 2836 
[05 Jun 2015 10:00:07,529] WARN  :     => Coluna para ser removida: 2838 
[05 Jun 2015 10:00:07,530] WARN  :     => Coluna para ser removida: 2839 
[05 Jun 2015 10:00:07,530] WARN  :     => Coluna para ser removida: 284 
[05 Jun 2015 10:00:07,531] WARN  :     => Coluna para ser removida: 285 
[05 Jun 2015 10:00:07,531] WARN  :     => Coluna para ser removida: 2853 
[05 Jun 2015 10:00:07,531] WARN  :     => Coluna para ser removida: 2864 
[05 Jun 2015 10:00:07,532] WARN  :     => Coluna para ser removida: 2872 
[05 Jun 2015 10:00:07,532] WARN  :     => Coluna para ser removida: 2876 
[05 Jun 2015 10:00:07,533] WARN  :     => Coluna para ser removida: 2886 
[05 Jun 2015 10:00:07,533] WARN  :     => Coluna para ser removida: 2899 
[05 Jun 2015 10:00:07,534] WARN  :     => Coluna para ser removida: 2910 
[05 Jun 2015 10:00:07,534] WARN  :     => Coluna para ser removida: 2914 
[05 Jun 2015 10:00:07,535] WARN  :     => Coluna para ser removida: 2916 
[05 Jun 2015 10:00:07,535] WARN  :     => Coluna para ser removida: 2923 
[05 Jun 2015 10:00:07,536] WARN  :     => Coluna para ser removida: 2924 
[05 Jun 2015 10:00:07,536] WARN  :     => Coluna para ser removida: 2925 
[05 Jun 2015 10:00:07,537] WARN  :     => Coluna para ser removida: 2937 
[05 Jun 2015 10:00:07,537] WARN  :     => Coluna para ser removida: 2948 
[05 Jun 2015 10:00:07,537] WARN  :     => Coluna para ser removida: 2952 
[05 Jun 2015 10:00:07,538] WARN  :     => Coluna para ser removida: 2960 
[05 Jun 2015 10:00:07,538] WARN  :     => Coluna para ser removida: 2963 
[05 Jun 2015 10:00:07,539] WARN  :     => Coluna para ser removida: 2978 
[05 Jun 2015 10:00:07,539] WARN  :     => Coluna para ser removida: 298 
[05 Jun 2015 10:00:07,540] WARN  :     => Coluna para ser removida: 2984 
[05 Jun 2015 10:00:07,540] WARN  :     => Coluna para ser removida: 2991 
[05 Jun 2015 10:00:07,540] WARN  :     => Coluna para ser removida: 2993 
[05 Jun 2015 10:00:07,540] WARN  :     => Coluna para ser removida: 3015 
[05 Jun 2015 10:00:07,541] WARN  :     => Coluna para ser removida: 3016 
[05 Jun 2015 10:00:07,541] WARN  :     => Coluna para ser removida: 3020 
[05 Jun 2015 10:00:07,541] WARN  :     => Coluna para ser removida: 3021 
[05 Jun 2015 10:00:07,541] WARN  :     => Coluna para ser removida: 3022 
[05 Jun 2015 10:00:07,541] WARN  :     => Coluna para ser removida: 3026 
[05 Jun 2015 10:00:07,542] WARN  :     => Coluna para ser removida: 3038 
[05 Jun 2015 10:00:07,542] WARN  :     => Coluna para ser removida: 3041 
[05 Jun 2015 10:00:07,542] WARN  :     => Coluna para ser removida: 3052 
[05 Jun 2015 10:00:07,542] WARN  :     => Coluna para ser removida: 306 
[05 Jun 2015 10:00:07,542] WARN  :     => Coluna para ser removida: 3081 
[05 Jun 2015 10:00:07,542] WARN  :     => Coluna para ser removida: 3086 
[05 Jun 2015 10:00:07,542] WARN  :     => Coluna para ser removida: 3091 
[05 Jun 2015 10:00:07,543] WARN  :     => Coluna para ser removida: 3100 
[05 Jun 2015 10:00:07,543] WARN  :     => Coluna para ser removida: 3107 
[05 Jun 2015 10:00:07,543] WARN  :     => Coluna para ser removida: 3113 
[05 Jun 2015 10:00:07,543] WARN  :     => Coluna para ser removida: 3114 
[05 Jun 2015 10:00:07,543] WARN  :     => Coluna para ser removida: 3124 
[05 Jun 2015 10:00:07,543] WARN  :     => Coluna para ser removida: 3125 
[05 Jun 2015 10:00:07,543] WARN  :     => Coluna para ser removida: 3129 
[05 Jun 2015 10:00:07,544] WARN  :     => Coluna para ser removida: 3133 
[05 Jun 2015 10:00:07,544] WARN  :     => Coluna para ser removida: 3134 
[05 Jun 2015 10:00:07,544] WARN  :     => Coluna para ser removida: 3144 
[05 Jun 2015 10:00:07,544] WARN  :     => Coluna para ser removida: 3158 
[05 Jun 2015 10:00:07,544] WARN  :     => Coluna para ser removida: 3164 
[05 Jun 2015 10:00:07,544] WARN  :     => Coluna para ser removida: 3182 
[05 Jun 2015 10:00:07,544] WARN  :     => Coluna para ser removida: 3189 
[05 Jun 2015 10:00:07,545] WARN  :     => Coluna para ser removida: 319 
[05 Jun 2015 10:00:07,545] WARN  :     => Coluna para ser removida: 3191 
[05 Jun 2015 10:00:07,545] WARN  :     => Coluna para ser removida: 3192 
[05 Jun 2015 10:00:07,545] WARN  :     => Coluna para ser removida: 3198 
[05 Jun 2015 10:00:07,545] WARN  :     => Coluna para ser removida: 320 
[05 Jun 2015 10:00:07,545] WARN  :     => Coluna para ser removida: 3202 
[05 Jun 2015 10:00:07,546] WARN  :     => Coluna para ser removida: 323 
[05 Jun 2015 10:00:07,546] WARN  :     => Coluna para ser removida: 3231 
[05 Jun 2015 10:00:07,546] WARN  :     => Coluna para ser removida: 3232 
[05 Jun 2015 10:00:07,546] WARN  :     => Coluna para ser removida: 324 
[05 Jun 2015 10:00:07,546] WARN  :     => Coluna para ser removida: 3240 
[05 Jun 2015 10:00:07,546] WARN  :     => Coluna para ser removida: 3260 
[05 Jun 2015 10:00:07,547] WARN  :     => Coluna para ser removida: 3275 
[05 Jun 2015 10:00:07,547] WARN  :     => Coluna para ser removida: 3280 
[05 Jun 2015 10:00:07,547] WARN  :     => Coluna para ser removida: 3283 
[05 Jun 2015 10:00:07,547] WARN  :     => Coluna para ser removida: 3286 
[05 Jun 2015 10:00:07,547] WARN  :     => Coluna para ser removida: 3296 
[05 Jun 2015 10:00:07,547] WARN  :     => Coluna para ser removida: 3312 
[05 Jun 2015 10:00:07,547] WARN  :     => Coluna para ser removida: 3322 
[05 Jun 2015 10:00:07,548] WARN  :     => Coluna para ser removida: 3341 
[05 Jun 2015 10:00:07,548] WARN  :     => Coluna para ser removida: 3344 
[05 Jun 2015 10:00:07,548] WARN  :     => Coluna para ser removida: 3345 
[05 Jun 2015 10:00:07,548] WARN  :     => Coluna para ser removida: 3346 
[05 Jun 2015 10:00:07,548] WARN  :     => Coluna para ser removida: 3355 
[05 Jun 2015 10:00:07,548] WARN  :     => Coluna para ser removida: 3366 
[05 Jun 2015 10:00:07,548] WARN  :     => Coluna para ser removida: 3369 
[05 Jun 2015 10:00:07,549] WARN  :     => Coluna para ser removida: 3370 
[05 Jun 2015 10:00:07,549] WARN  :     => Coluna para ser removida: 3372 
[05 Jun 2015 10:00:07,549] WARN  :     => Coluna para ser removida: 3379 
[05 Jun 2015 10:00:07,549] WARN  :     => Coluna para ser removida: 3380 
[05 Jun 2015 10:00:07,549] WARN  :     => Coluna para ser removida: 3381 
[05 Jun 2015 10:00:07,549] WARN  :     => Coluna para ser removida: 3382 
[05 Jun 2015 10:00:07,550] WARN  :     => Coluna para ser removida: 3387 
[05 Jun 2015 10:00:07,550] WARN  :     => Coluna para ser removida: 3389 
[05 Jun 2015 10:00:07,550] WARN  :     => Coluna para ser removida: 3392 
[05 Jun 2015 10:00:07,550] WARN  :     => Coluna para ser removida: 3395 
[05 Jun 2015 10:00:07,550] WARN  :     => Coluna para ser removida: 3398 
[05 Jun 2015 10:00:07,550] WARN  :     => Coluna para ser removida: 3401 
[05 Jun 2015 10:00:07,550] WARN  :     => Coluna para ser removida: 3404 
[05 Jun 2015 10:00:07,551] WARN  :     => Coluna para ser removida: 3408 
[05 Jun 2015 10:00:07,551] WARN  :     => Coluna para ser removida: 3424 
[05 Jun 2015 10:00:07,551] WARN  :     => Coluna para ser removida: 3430 
[05 Jun 2015 10:00:07,551] WARN  :     => Coluna para ser removida: 3443 
[05 Jun 2015 10:00:07,551] WARN  :     => Coluna para ser removida: 3446 
[05 Jun 2015 10:00:07,551] WARN  :     => Coluna para ser removida: 3447 
[05 Jun 2015 10:00:07,552] WARN  :     => Coluna para ser removida: 3452 
[05 Jun 2015 10:00:07,552] WARN  :     => Coluna para ser removida: 3471 
[05 Jun 2015 10:00:07,552] WARN  :     => Coluna para ser removida: 3478 
[05 Jun 2015 10:00:07,552] WARN  :     => Coluna para ser removida: 3480 
[05 Jun 2015 10:00:07,552] WARN  :     => Coluna para ser removida: 3482 
[05 Jun 2015 10:00:07,552] WARN  :     => Coluna para ser removida: 3487 
[05 Jun 2015 10:00:07,553] WARN  :     => Coluna para ser removida: 3494 
[05 Jun 2015 10:00:07,553] WARN  :     => Coluna para ser removida: 3497 
[05 Jun 2015 10:00:07,553] WARN  :     => Coluna para ser removida: 3498 
[05 Jun 2015 10:00:07,553] WARN  :     => Coluna para ser removida: 3500 
[05 Jun 2015 10:00:07,553] WARN  :     => Coluna para ser removida: 3504 
[05 Jun 2015 10:00:07,553] WARN  :     => Coluna para ser removida: 351 
[05 Jun 2015 10:00:07,554] WARN  :     => Coluna para ser removida: 3526 
[05 Jun 2015 10:00:07,554] WARN  :     => Coluna para ser removida: 355 
[05 Jun 2015 10:00:07,554] WARN  :     => Coluna para ser removida: 3556 
[05 Jun 2015 10:00:07,554] WARN  :     => Coluna para ser removida: 356 
[05 Jun 2015 10:00:07,554] WARN  :     => Coluna para ser removida: 3563 
[05 Jun 2015 10:00:07,554] WARN  :     => Coluna para ser removida: 3566 
[05 Jun 2015 10:00:07,554] WARN  :     => Coluna para ser removida: 3574 
[05 Jun 2015 10:00:07,555] WARN  :     => Coluna para ser removida: 3582 
[05 Jun 2015 10:00:07,555] WARN  :     => Coluna para ser removida: 3596 
[05 Jun 2015 10:00:07,555] WARN  :     => Coluna para ser removida: 3600 
[05 Jun 2015 10:00:07,555] WARN  :     => Coluna para ser removida: 3602 
[05 Jun 2015 10:00:07,555] WARN  :     => Coluna para ser removida: 3603 
[05 Jun 2015 10:00:07,555] WARN  :     => Coluna para ser removida: 3608 
[05 Jun 2015 10:00:07,555] WARN  :     => Coluna para ser removida: 3632 
[05 Jun 2015 10:00:07,556] WARN  :     => Coluna para ser removida: 3647 
[05 Jun 2015 10:00:07,556] WARN  :     => Coluna para ser removida: 365 
[05 Jun 2015 10:00:07,556] WARN  :     => Coluna para ser removida: 3651 
[05 Jun 2015 10:00:07,556] WARN  :     => Coluna para ser removida: 3661 
[05 Jun 2015 10:00:07,556] WARN  :     => Coluna para ser removida: 3664 
[05 Jun 2015 10:00:07,557] WARN  :     => Coluna para ser removida: 3666 
[05 Jun 2015 10:00:07,557] WARN  :     => Coluna para ser removida: 3673 
[05 Jun 2015 10:00:07,557] WARN  :     => Coluna para ser removida: 3674 
[05 Jun 2015 10:00:07,558] WARN  :     => Coluna para ser removida: 3684 
[05 Jun 2015 10:00:07,558] WARN  :     => Coluna para ser removida: 3685 
[05 Jun 2015 10:00:07,558] WARN  :     => Coluna para ser removida: 3687 
[05 Jun 2015 10:00:07,558] WARN  :     => Coluna para ser removida: 3695 
[05 Jun 2015 10:00:07,559] WARN  :     => Coluna para ser removida: 3706 
[05 Jun 2015 10:00:07,559] WARN  :     => Coluna para ser removida: 3712 
[05 Jun 2015 10:00:07,559] WARN  :     => Coluna para ser removida: 3714 
[05 Jun 2015 10:00:07,560] WARN  :     => Coluna para ser removida: 3716 
[05 Jun 2015 10:00:07,560] WARN  :     => Coluna para ser removida: 3717 
[05 Jun 2015 10:00:07,560] WARN  :     => Coluna para ser removida: 3721 
[05 Jun 2015 10:00:07,560] WARN  :     => Coluna para ser removida: 3729 
[05 Jun 2015 10:00:07,561] WARN  :     => Coluna para ser removida: 3733 
[05 Jun 2015 10:00:07,561] WARN  :     => Coluna para ser removida: 3741 
[05 Jun 2015 10:00:07,561] WARN  :     => Coluna para ser removida: 3748 
[05 Jun 2015 10:00:07,561] WARN  :     => Coluna para ser removida: 375 
[05 Jun 2015 10:00:07,561] WARN  :     => Coluna para ser removida: 3751 
[05 Jun 2015 10:00:07,562] WARN  :     => Coluna para ser removida: 3754 
[05 Jun 2015 10:00:07,562] WARN  :     => Coluna para ser removida: 3765 
[05 Jun 2015 10:00:07,562] WARN  :     => Coluna para ser removida: 3774 
[05 Jun 2015 10:00:07,562] WARN  :     => Coluna para ser removida: 3781 
[05 Jun 2015 10:00:07,563] WARN  :     => Coluna para ser removida: 3787 
[05 Jun 2015 10:00:07,563] WARN  :     => Coluna para ser removida: 3791 
[05 Jun 2015 10:00:07,563] WARN  :     => Coluna para ser removida: 3798 
[05 Jun 2015 10:00:07,563] WARN  :     => Coluna para ser removida: 3799 
[05 Jun 2015 10:00:07,564] WARN  :     => Coluna para ser removida: 3802 
[05 Jun 2015 10:00:07,564] WARN  :     => Coluna para ser removida: 3806 
[05 Jun 2015 10:00:07,564] WARN  :     => Coluna para ser removida: 3812 
[05 Jun 2015 10:00:07,565] WARN  :     => Coluna para ser removida: 3813 
[05 Jun 2015 10:00:07,565] WARN  :     => Coluna para ser removida: 3815 
[05 Jun 2015 10:00:07,565] WARN  :     => Coluna para ser removida: 3819 
[05 Jun 2015 10:00:07,565] WARN  :     => Coluna para ser removida: 3822 
[05 Jun 2015 10:00:07,565] WARN  :     => Coluna para ser removida: 3826 
[05 Jun 2015 10:00:07,566] WARN  :     => Coluna para ser removida: 3829 
[05 Jun 2015 10:00:07,566] WARN  :     => Coluna para ser removida: 3830 
[05 Jun 2015 10:00:07,566] WARN  :     => Coluna para ser removida: 3845 
[05 Jun 2015 10:00:07,566] WARN  :     => Coluna para ser removida: 385 
[05 Jun 2015 10:00:07,566] WARN  :     => Coluna para ser removida: 3850 
[05 Jun 2015 10:00:07,566] WARN  :     => Coluna para ser removida: 3853 
[05 Jun 2015 10:00:07,566] WARN  :     => Coluna para ser removida: 3862 
[05 Jun 2015 10:00:07,567] WARN  :     => Coluna para ser removida: 3863 
[05 Jun 2015 10:00:07,567] WARN  :     => Coluna para ser removida: 3886 
[05 Jun 2015 10:00:07,567] WARN  :     => Coluna para ser removida: 3888 
[05 Jun 2015 10:00:07,567] WARN  :     => Coluna para ser removida: 3902 
[05 Jun 2015 10:00:07,567] WARN  :     => Coluna para ser removida: 391 
[05 Jun 2015 10:00:07,568] WARN  :     => Coluna para ser removida: 3913 
[05 Jun 2015 10:00:07,568] WARN  :     => Coluna para ser removida: 3926 
[05 Jun 2015 10:00:07,568] WARN  :     => Coluna para ser removida: 3942 
[05 Jun 2015 10:00:07,568] WARN  :     => Coluna para ser removida: 3951 
[05 Jun 2015 10:00:07,568] WARN  :     => Coluna para ser removida: 3953 
[05 Jun 2015 10:00:07,568] WARN  :     => Coluna para ser removida: 3957 
[05 Jun 2015 10:00:07,568] WARN  :     => Coluna para ser removida: 3958 
[05 Jun 2015 10:00:07,569] WARN  :     => Coluna para ser removida: 3959 
[05 Jun 2015 10:00:07,569] WARN  :     => Coluna para ser removida: 3965 
[05 Jun 2015 10:00:07,569] WARN  :     => Coluna para ser removida: 3977 
[05 Jun 2015 10:00:07,569] WARN  :     => Coluna para ser removida: 3980 
[05 Jun 2015 10:00:07,569] WARN  :     => Coluna para ser removida: 3984 
[05 Jun 2015 10:00:07,569] WARN  :     => Coluna para ser removida: 3996 
[05 Jun 2015 10:00:07,570] WARN  :     => Coluna para ser removida: 40 
[05 Jun 2015 10:00:07,570] WARN  :     => Coluna para ser removida: 4000 
[05 Jun 2015 10:00:07,570] WARN  :     => Coluna para ser removida: 4001 
[05 Jun 2015 10:00:07,570] WARN  :     => Coluna para ser removida: 4003 
[05 Jun 2015 10:00:07,570] WARN  :     => Coluna para ser removida: 4005 
[05 Jun 2015 10:00:07,570] WARN  :     => Coluna para ser removida: 4007 
[05 Jun 2015 10:00:07,570] WARN  :     => Coluna para ser removida: 4011 
[05 Jun 2015 10:00:07,571] WARN  :     => Coluna para ser removida: 4014 
[05 Jun 2015 10:00:07,571] WARN  :     => Coluna para ser removida: 4015 
[05 Jun 2015 10:00:07,571] WARN  :     => Coluna para ser removida: 4018 
[05 Jun 2015 10:00:07,571] WARN  :     => Coluna para ser removida: 4019 
[05 Jun 2015 10:00:07,571] WARN  :     => Coluna para ser removida: 4028 
[05 Jun 2015 10:00:07,572] WARN  :     => Coluna para ser removida: 4030 
[05 Jun 2015 10:00:07,572] WARN  :     => Coluna para ser removida: 4031 
[05 Jun 2015 10:00:07,572] WARN  :     => Coluna para ser removida: 4032 
[05 Jun 2015 10:00:07,572] WARN  :     => Coluna para ser removida: 4042 
[05 Jun 2015 10:00:07,572] WARN  :     => Coluna para ser removida: 4050 
[05 Jun 2015 10:00:07,572] WARN  :     => Coluna para ser removida: 4052 
[05 Jun 2015 10:00:07,573] WARN  :     => Coluna para ser removida: 4054 
[05 Jun 2015 10:00:07,573] WARN  :     => Coluna para ser removida: 4055 
[05 Jun 2015 10:00:07,573] WARN  :     => Coluna para ser removida: 4056 
[05 Jun 2015 10:00:07,573] WARN  :     => Coluna para ser removida: 4064 
[05 Jun 2015 10:00:07,573] WARN  :     => Coluna para ser removida: 4066 
[05 Jun 2015 10:00:07,573] WARN  :     => Coluna para ser removida: 4067 
[05 Jun 2015 10:00:07,574] WARN  :     => Coluna para ser removida: 4069 
[05 Jun 2015 10:00:07,574] WARN  :     => Coluna para ser removida: 4080 
[05 Jun 2015 10:00:07,574] WARN  :     => Coluna para ser removida: 4085 
[05 Jun 2015 10:00:07,574] WARN  :     => Coluna para ser removida: 4090 
[05 Jun 2015 10:00:07,574] WARN  :     => Coluna para ser removida: 4097 
[05 Jun 2015 10:00:07,574] WARN  :     => Coluna para ser removida: 41 
[05 Jun 2015 10:00:07,575] WARN  :     => Coluna para ser removida: 410 
[05 Jun 2015 10:00:07,575] WARN  :     => Coluna para ser removida: 4106 
[05 Jun 2015 10:00:07,575] WARN  :     => Coluna para ser removida: 4109 
[05 Jun 2015 10:00:07,575] WARN  :     => Coluna para ser removida: 4110 
[05 Jun 2015 10:00:07,575] WARN  :     => Coluna para ser removida: 4112 
[05 Jun 2015 10:00:07,575] WARN  :     => Coluna para ser removida: 4122 
[05 Jun 2015 10:00:07,576] WARN  :     => Coluna para ser removida: 4125 
[05 Jun 2015 10:00:07,576] WARN  :     => Coluna para ser removida: 4128 
[05 Jun 2015 10:00:07,576] WARN  :     => Coluna para ser removida: 4134 
[05 Jun 2015 10:00:07,576] WARN  :     => Coluna para ser removida: 4137 
[05 Jun 2015 10:00:07,576] WARN  :     => Coluna para ser removida: 4138 
[05 Jun 2015 10:00:07,576] WARN  :     => Coluna para ser removida: 4143 
[05 Jun 2015 10:00:07,576] WARN  :     => Coluna para ser removida: 4144 
[05 Jun 2015 10:00:07,577] WARN  :     => Coluna para ser removida: 4146 
[05 Jun 2015 10:00:07,577] WARN  :     => Coluna para ser removida: 4148 
[05 Jun 2015 10:00:07,577] WARN  :     => Coluna para ser removida: 4150 
[05 Jun 2015 10:00:07,577] WARN  :     => Coluna para ser removida: 4158 
[05 Jun 2015 10:00:07,577] WARN  :     => Coluna para ser removida: 4164 
[05 Jun 2015 10:00:07,577] WARN  :     => Coluna para ser removida: 4176 
[05 Jun 2015 10:00:07,577] WARN  :     => Coluna para ser removida: 4192 
[05 Jun 2015 10:00:07,578] WARN  :     => Coluna para ser removida: 4202 
[05 Jun 2015 10:00:07,578] WARN  :     => Coluna para ser removida: 4208 
[05 Jun 2015 10:00:07,578] WARN  :     => Coluna para ser removida: 421 
[05 Jun 2015 10:00:07,578] WARN  :     => Coluna para ser removida: 4213 
[05 Jun 2015 10:00:07,578] WARN  :     => Coluna para ser removida: 4221 
[05 Jun 2015 10:00:07,579] WARN  :     => Coluna para ser removida: 4233 
[05 Jun 2015 10:00:07,579] WARN  :     => Coluna para ser removida: 4234 
[05 Jun 2015 10:00:07,579] WARN  :     => Coluna para ser removida: 4238 
[05 Jun 2015 10:00:07,579] WARN  :     => Coluna para ser removida: 4245 
[05 Jun 2015 10:00:07,579] WARN  :     => Coluna para ser removida: 4248 
[05 Jun 2015 10:00:07,579] WARN  :     => Coluna para ser removida: 4249 
[05 Jun 2015 10:00:07,579] WARN  :     => Coluna para ser removida: 425 
[05 Jun 2015 10:00:07,580] WARN  :     => Coluna para ser removida: 4250 
[05 Jun 2015 10:00:07,580] WARN  :     => Coluna para ser removida: 4255 
[05 Jun 2015 10:00:07,580] WARN  :     => Coluna para ser removida: 426 
[05 Jun 2015 10:00:07,580] WARN  :     => Coluna para ser removida: 4262 
[05 Jun 2015 10:00:07,580] WARN  :     => Coluna para ser removida: 4265 
[05 Jun 2015 10:00:07,580] WARN  :     => Coluna para ser removida: 427 
[05 Jun 2015 10:00:07,581] WARN  :     => Coluna para ser removida: 4273 
[05 Jun 2015 10:00:07,581] WARN  :     => Coluna para ser removida: 4274 
[05 Jun 2015 10:00:07,581] WARN  :     => Coluna para ser removida: 4290 
[05 Jun 2015 10:00:07,581] WARN  :     => Coluna para ser removida: 4291 
[05 Jun 2015 10:00:07,581] WARN  :     => Coluna para ser removida: 4292 
[05 Jun 2015 10:00:07,581] WARN  :     => Coluna para ser removida: 4300 
[05 Jun 2015 10:00:07,581] WARN  :     => Coluna para ser removida: 4301 
[05 Jun 2015 10:00:07,582] WARN  :     => Coluna para ser removida: 4306 
[05 Jun 2015 10:00:07,582] WARN  :     => Coluna para ser removida: 4320 
[05 Jun 2015 10:00:07,582] WARN  :     => Coluna para ser removida: 4342 
[05 Jun 2015 10:00:07,582] WARN  :     => Coluna para ser removida: 4343 
[05 Jun 2015 10:00:07,582] WARN  :     => Coluna para ser removida: 435 
[05 Jun 2015 10:00:07,582] WARN  :     => Coluna para ser removida: 4351 
[05 Jun 2015 10:00:07,583] WARN  :     => Coluna para ser removida: 4359 
[05 Jun 2015 10:00:07,583] WARN  :     => Coluna para ser removida: 4381 
[05 Jun 2015 10:00:07,583] WARN  :     => Coluna para ser removida: 4385 
[05 Jun 2015 10:00:07,583] WARN  :     => Coluna para ser removida: 4388 
[05 Jun 2015 10:00:07,583] WARN  :     => Coluna para ser removida: 4389 
[05 Jun 2015 10:00:07,583] WARN  :     => Coluna para ser removida: 4390 
[05 Jun 2015 10:00:07,584] WARN  :     => Coluna para ser removida: 4391 
[05 Jun 2015 10:00:07,584] WARN  :     => Coluna para ser removida: 4393 
[05 Jun 2015 10:00:07,584] WARN  :     => Coluna para ser removida: 4404 
[05 Jun 2015 10:00:07,584] WARN  :     => Coluna para ser removida: 4405 
[05 Jun 2015 10:00:07,584] WARN  :     => Coluna para ser removida: 4413 
[05 Jun 2015 10:00:07,584] WARN  :     => Coluna para ser removida: 4419 
[05 Jun 2015 10:00:07,584] WARN  :     => Coluna para ser removida: 4423 
[05 Jun 2015 10:00:07,585] WARN  :     => Coluna para ser removida: 4424 
[05 Jun 2015 10:00:07,585] WARN  :     => Coluna para ser removida: 4430 
[05 Jun 2015 10:00:07,585] WARN  :     => Coluna para ser removida: 4431 
[05 Jun 2015 10:00:07,585] WARN  :     => Coluna para ser removida: 4434 
[05 Jun 2015 10:00:07,585] WARN  :     => Coluna para ser removida: 4438 
[05 Jun 2015 10:00:07,585] WARN  :     => Coluna para ser removida: 4441 
[05 Jun 2015 10:00:07,585] WARN  :     => Coluna para ser removida: 4444 
[05 Jun 2015 10:00:07,586] WARN  :     => Coluna para ser removida: 4445 
[05 Jun 2015 10:00:07,586] WARN  :     => Coluna para ser removida: 4447 
[05 Jun 2015 10:00:07,586] WARN  :     => Coluna para ser removida: 4451 
[05 Jun 2015 10:00:07,586] WARN  :     => Coluna para ser removida: 4452 
[05 Jun 2015 10:00:07,586] WARN  :     => Coluna para ser removida: 4455 
[05 Jun 2015 10:00:07,586] WARN  :     => Coluna para ser removida: 4459 
[05 Jun 2015 10:00:07,587] WARN  :     => Coluna para ser removida: 4463 
[05 Jun 2015 10:00:07,587] WARN  :     => Coluna para ser removida: 4468 
[05 Jun 2015 10:00:07,587] WARN  :     => Coluna para ser removida: 4476 
[05 Jun 2015 10:00:07,587] WARN  :     => Coluna para ser removida: 4478 
[05 Jun 2015 10:00:07,587] WARN  :     => Coluna para ser removida: 4485 
[05 Jun 2015 10:00:07,587] WARN  :     => Coluna para ser removida: 4490 
[05 Jun 2015 10:00:07,588] WARN  :     => Coluna para ser removida: 4492 
[05 Jun 2015 10:00:07,588] WARN  :     => Coluna para ser removida: 4493 
[05 Jun 2015 10:00:07,588] WARN  :     => Coluna para ser removida: 4494 
[05 Jun 2015 10:00:07,588] WARN  :     => Coluna para ser removida: 4498 
[05 Jun 2015 10:00:07,588] WARN  :     => Coluna para ser removida: 45 
[05 Jun 2015 10:00:07,588] WARN  :     => Coluna para ser removida: 4502 
[05 Jun 2015 10:00:07,588] WARN  :     => Coluna para ser removida: 4506 
[05 Jun 2015 10:00:07,589] WARN  :     => Coluna para ser removida: 4511 
[05 Jun 2015 10:00:07,589] WARN  :     => Coluna para ser removida: 4512 
[05 Jun 2015 10:00:07,589] WARN  :     => Coluna para ser removida: 4518 
[05 Jun 2015 10:00:07,589] WARN  :     => Coluna para ser removida: 4521 
[05 Jun 2015 10:00:07,589] WARN  :     => Coluna para ser removida: 4522 
[05 Jun 2015 10:00:07,589] WARN  :     => Coluna para ser removida: 4523 
[05 Jun 2015 10:00:07,590] WARN  :     => Coluna para ser removida: 4531 
[05 Jun 2015 10:00:07,590] WARN  :     => Coluna para ser removida: 4535 
[05 Jun 2015 10:00:07,590] WARN  :     => Coluna para ser removida: 4540 
[05 Jun 2015 10:00:07,590] WARN  :     => Coluna para ser removida: 472 
[05 Jun 2015 10:00:07,590] WARN  :     => Coluna para ser removida: 473 
[05 Jun 2015 10:00:07,590] WARN  :     => Coluna para ser removida: 480 
[05 Jun 2015 10:00:07,590] WARN  :     => Coluna para ser removida: 49 
[05 Jun 2015 10:00:07,591] WARN  :     => Coluna para ser removida: 492 
[05 Jun 2015 10:00:07,591] WARN  :     => Coluna para ser removida: 496 
[05 Jun 2015 10:00:07,591] WARN  :     => Coluna para ser removida: 5 
[05 Jun 2015 10:00:07,591] WARN  :     => Coluna para ser removida: 513 
[05 Jun 2015 10:00:07,591] WARN  :     => Coluna para ser removida: 523 
[05 Jun 2015 10:00:07,591] WARN  :     => Coluna para ser removida: 526 
[05 Jun 2015 10:00:07,592] WARN  :     => Coluna para ser removida: 531 
[05 Jun 2015 10:00:07,592] WARN  :     => Coluna para ser removida: 533 
[05 Jun 2015 10:00:07,592] WARN  :     => Coluna para ser removida: 543 
[05 Jun 2015 10:00:07,592] WARN  :     => Coluna para ser removida: 547 
[05 Jun 2015 10:00:07,592] WARN  :     => Coluna para ser removida: 550 
[05 Jun 2015 10:00:07,592] WARN  :     => Coluna para ser removida: 562 
[05 Jun 2015 10:00:07,592] WARN  :     => Coluna para ser removida: 578 
[05 Jun 2015 10:00:07,593] WARN  :     => Coluna para ser removida: 58 
[05 Jun 2015 10:00:07,593] WARN  :     => Coluna para ser removida: 589 
[05 Jun 2015 10:00:07,593] WARN  :     => Coluna para ser removida: 590 
[05 Jun 2015 10:00:07,593] WARN  :     => Coluna para ser removida: 594 
[05 Jun 2015 10:00:07,593] WARN  :     => Coluna para ser removida: 606 
[05 Jun 2015 10:00:07,593] WARN  :     => Coluna para ser removida: 6156 
[05 Jun 2015 10:00:07,594] WARN  :     => Coluna para ser removida: 628 
[05 Jun 2015 10:00:07,594] WARN  :     => Coluna para ser removida: 650 
[05 Jun 2015 10:00:07,594] WARN  :     => Coluna para ser removida: 6547 
[05 Jun 2015 10:00:07,594] WARN  :     => Coluna para ser removida: 659 
[05 Jun 2015 10:00:07,594] WARN  :     => Coluna para ser removida: 660 
[05 Jun 2015 10:00:07,594] WARN  :     => Coluna para ser removida: 662 
[05 Jun 2015 10:00:07,594] WARN  :     => Coluna para ser removida: 663 
[05 Jun 2015 10:00:07,595] WARN  :     => Coluna para ser removida: 674 
[05 Jun 2015 10:00:07,595] WARN  :     => Coluna para ser removida: 692 
[05 Jun 2015 10:00:07,595] WARN  :     => Coluna para ser removida: 693 
[05 Jun 2015 10:00:07,595] WARN  :     => Coluna para ser removida: 695 
[05 Jun 2015 10:00:07,595] WARN  :     => Coluna para ser removida: 698 
[05 Jun 2015 10:00:07,595] WARN  :     => Coluna para ser removida: 714 
[05 Jun 2015 10:00:07,596] WARN  :     => Coluna para ser removida: 716 
[05 Jun 2015 10:00:07,596] WARN  :     => Coluna para ser removida: 725 
[05 Jun 2015 10:00:07,596] WARN  :     => Coluna para ser removida: 7330 
[05 Jun 2015 10:00:07,596] WARN  :     => Coluna para ser removida: 743 
[05 Jun 2015 10:00:07,596] WARN  :     => Coluna para ser removida: 749 
[05 Jun 2015 10:00:07,596] WARN  :     => Coluna para ser removida: 754 
[05 Jun 2015 10:00:07,597] WARN  :     => Coluna para ser removida: 758 
[05 Jun 2015 10:00:07,597] WARN  :     => Coluna para ser removida: 769 
[05 Jun 2015 10:00:07,597] WARN  :     => Coluna para ser removida: 782 
[05 Jun 2015 10:00:07,597] WARN  :     => Coluna para ser removida: 783 
[05 Jun 2015 10:00:07,597] WARN  :     => Coluna para ser removida: 784 
[05 Jun 2015 10:00:07,597] WARN  :     => Coluna para ser removida: 797 
[05 Jun 2015 10:00:07,597] WARN  :     => Coluna para ser removida: 801 
[05 Jun 2015 10:00:07,598] WARN  :     => Coluna para ser removida: 811 
[05 Jun 2015 10:00:07,598] WARN  :     => Coluna para ser removida: 815 
[05 Jun 2015 10:00:07,598] WARN  :     => Coluna para ser removida: 817 
[05 Jun 2015 10:00:07,598] WARN  :     => Coluna para ser removida: 822 
[05 Jun 2015 10:00:07,598] WARN  :     => Coluna para ser removida: 844 
[05 Jun 2015 10:00:07,598] WARN  :     => Coluna para ser removida: 85 
[05 Jun 2015 10:00:07,598] WARN  :     => Coluna para ser removida: 866 
[05 Jun 2015 10:00:07,599] WARN  :     => Coluna para ser removida: 883 
[05 Jun 2015 10:00:07,599] WARN  :     => Coluna para ser removida: 895 
[05 Jun 2015 10:00:07,599] WARN  :     => Coluna para ser removida: 898 
[05 Jun 2015 10:00:07,599] WARN  :     => Coluna para ser removida: 904 
[05 Jun 2015 10:00:07,599] WARN  :     => Coluna para ser removida: 916 
[05 Jun 2015 10:00:07,599] WARN  :     => Coluna para ser removida: 92 
[05 Jun 2015 10:00:07,600] WARN  :     => Coluna para ser removida: 9203 
[05 Jun 2015 10:00:07,600] WARN  :     => Coluna para ser removida: 933 
[05 Jun 2015 10:00:07,600] WARN  :     => Coluna para ser removida: 937 
[05 Jun 2015 10:00:07,600] WARN  :     => Coluna para ser removida: 945 
[05 Jun 2015 10:00:07,600] WARN  :     => Coluna para ser removida: 946 
[05 Jun 2015 10:00:07,600] WARN  :     => Coluna para ser removida: 960 
[05 Jun 2015 10:00:07,600] WARN  :     => Coluna para ser removida: 961 
[05 Jun 2015 10:00:07,601] WARN  :     => Coluna para ser removida: 966 
[05 Jun 2015 10:00:07,601] WARN  :     => Coluna para ser removida: 9786 
[05 Jun 2015 10:00:07,601] WARN  :     => Coluna para ser removida: 98 
[05 Jun 2015 10:00:07,601] WARN  :     => Coluna para ser removida: 9913 
[05 Jun 2015 10:00:07,601] INFO  : >>> Removendo colunas zeradas da matriz 'discover.data'
[05 Jun 2015 10:00:07,601] INFO  : >>> Rescrevendo em novo arquivo, as linhas do arquivo 'discover.data'
[05 Jun 2015 10:00:13,095] INFO  : -> Tempo de execucao: 6 segundo(s) 
[05 Jun 2015 10:00:13,096] INFO  :    - Quantidade lida:  51   
[05 Jun 2015 10:00:13,142] INFO  : ===== Fim processamento: Fri Jun  5 10:00:13 2015  ============= 
[06 Jun 2015 13:33:59,971] INFO  : ====== Inicio processamento: Sat Jun  6 13:33:59 2015  ===========  
[06 Jun 2015 13:33:59,972] INFO  : Lendo arquivo 'discover.names'
[07 Jun 2015 09:24:56,535] INFO  : ====== Inicio processamento: Sun Jun  7 09:24:56 2015  ===========  
[07 Jun 2015 09:24:56,540] INFO  : Lendo arquivo 'discover.names'
[07 Jun 2015 09:25:02,236] INFO  : -> Tempo de execucao: 6 segundo(s) 
[07 Jun 2015 09:25:02,236] INFO  :    - Quantidade lida:  51   
[07 Jun 2015 09:25:02,236] INFO  : Lendo arquivo 'discover.names'
[07 Jun 2015 10:12:57,315] INFO  : -> Tempo de execucao: 2875 segundo(s) 
[07 Jun 2015 10:12:57,316] INFO  :    - Quantidade lida:  28421   
[07 Jun 2015 10:12:57,322] INFO  : Mapeando arquivo 'discover.names'
[07 Jun 2015 17:18:39,689] INFO  : -> Tempo de execucao: 25542 segundo(s) 
[07 Jun 2015 17:18:39,689] INFO  :    - Quantidade lida:  28421   
[07 Jun 2015 17:18:39,693] INFO  : Buscando sinonimos de sinonimos e associando ao hash de 'mapeamento do arquivo names'
