[09 Jun 2015 15:03:10,653] INFO  : ====== Inicio processamento: Tue Jun  9 15:03:10 2015  ===========  
[09 Jun 2015 15:03:10,654] INFO  : Lendo arquivo 'discover.names'
[09 Jun 2015 15:03:39,394] INFO  : ====== Inicio processamento: Tue Jun  9 15:03:39 2015  ===========  
[09 Jun 2015 15:03:39,395] INFO  : Lendo arquivo 'discover.names'
[09 Jun 2015 15:03:39,707] INFO  : -> Tempo de execucao: 0 segundo(s) 
[09 Jun 2015 15:03:39,708] INFO  :    - Quantidade lida:  3   
[09 Jun 2015 15:03:39,710] INFO  : Lendo arquivo 'discover.names'
[09 Jun 2015 15:03:40,914] INFO  : -> Tempo de execucao: 1 segundo(s) 
[09 Jun 2015 15:03:40,915] INFO  :    - Quantidade lida:  12   
[09 Jun 2015 15:03:40,916] INFO  : Mapeando arquivo 'discover.names'
[09 Jun 2015 15:04:02,566] INFO  : ====== Inicio processamento: Tue Jun  9 15:04:02 2015  ===========  
[09 Jun 2015 15:04:02,567] INFO  : Lendo arquivo 'discover.names'
[09 Jun 2015 15:04:02,880] INFO  : -> Tempo de execucao: 0 segundo(s) 
[09 Jun 2015 15:04:02,888] INFO  :    - Quantidade lida:  3   
[09 Jun 2015 15:04:02,890] INFO  : Lendo arquivo 'discover.names'
[09 Jun 2015 15:04:04,096] INFO  : -> Tempo de execucao: 2 segundo(s) 
[09 Jun 2015 15:04:04,097] INFO  :    - Quantidade lida:  12   
[09 Jun 2015 15:04:04,098] INFO  : Mapeando arquivo 'discover.names'
[09 Jun 2015 15:06:47,300] INFO  : ====== Inicio processamento: Tue Jun  9 15:06:47 2015  ===========  
[09 Jun 2015 15:06:47,305] INFO  : Lendo arquivo 'discover.names'
[09 Jun 2015 15:06:47,615] INFO  : -> Tempo de execucao: 0 segundo(s) 
[09 Jun 2015 15:06:47,616] INFO  :    - Quantidade lida:  3   
[09 Jun 2015 15:06:47,618] INFO  : Lendo arquivo 'discover.names'
[09 Jun 2015 15:06:48,835] INFO  : -> Tempo de execucao: 1 segundo(s) 
[09 Jun 2015 15:06:48,836] INFO  :    - Quantidade lida:  12   
[09 Jun 2015 15:06:48,836] INFO  : Mapeando arquivo 'discover.names'
[09 Jun 2015 15:07:31,380] INFO  : ====== Inicio processamento: Tue Jun  9 15:07:31 2015  ===========  
[09 Jun 2015 15:07:31,387] INFO  : Lendo arquivo 'discover.names'
[09 Jun 2015 15:07:31,698] INFO  : -> Tempo de execucao: 0 segundo(s) 
[09 Jun 2015 15:07:31,698] INFO  :    - Quantidade lida:  3   
[09 Jun 2015 15:07:31,700] INFO  : Lendo arquivo 'discover.names'
[09 Jun 2015 15:07:32,905] INFO  : -> Tempo de execucao: 1 segundo(s) 
[09 Jun 2015 15:07:32,906] INFO  :    - Quantidade lida:  12   
[09 Jun 2015 15:07:32,907] INFO  : Mapeando arquivo 'discover.names'
[09 Jun 2015 15:07:45,839] INFO  : -> Tempo de execucao: 13 segundo(s) 
[09 Jun 2015 15:07:45,840] INFO  :    - Quantidade lida:  12   
[09 Jun 2015 15:07:45,841] INFO  : Buscando sinonimos de sinonimos e associando ao hash de 'mapeamento do arquivo names'
[09 Jun 2015 15:13:13,718] INFO  : ====== Inicio processamento: Tue Jun  9 15:13:13 2015  ===========  
[09 Jun 2015 15:13:13,719] INFO  : Lendo arquivo 'discover.names'
[09 Jun 2015 15:13:14,028] INFO  : -> Tempo de execucao: 1 segundo(s) 
[09 Jun 2015 15:13:14,028] INFO  :    - Quantidade lida:  3   
[09 Jun 2015 15:13:14,029] INFO  : Lendo arquivo 'discover.names'
[09 Jun 2015 15:13:15,230] INFO  : -> Tempo de execucao: 1 segundo(s) 
[09 Jun 2015 15:13:15,231] INFO  :    - Quantidade lida:  12   
[09 Jun 2015 15:13:15,232] INFO  : Mapeando arquivo 'discover.names'
[09 Jun 2015 15:13:28,162] INFO  : -> Tempo de execucao: 13 segundo(s) 
[09 Jun 2015 15:13:28,162] INFO  :    - Quantidade lida:  12   
[09 Jun 2015 15:13:28,163] INFO  : Buscando sinonimos de sinonimos e associando ao hash de 'mapeamento do arquivo names'
[09 Jun 2015 15:15:08,674] INFO  : -> Tempo de execucao: 100 segundo(s) 
[09 Jun 2015 15:15:08,674] INFO  :    - Quantidade lida:  6   
[09 Jun 2015 15:15:08,675] INFO  : Mapeando objetos e adicionando ao hash, as infor. do arquivo 'discover.data'
[09 Jun 2015 15:16:06,900] INFO  : ====== Inicio processamento: Tue Jun  9 15:16:06 2015  ===========  
[09 Jun 2015 15:16:06,915] INFO  : Lendo arquivo 'discover.names'
[09 Jun 2015 15:16:07,226] INFO  : -> Tempo de execucao: 1 segundo(s) 
[09 Jun 2015 15:16:07,227] INFO  :    - Quantidade lida:  3   
[09 Jun 2015 15:16:07,229] INFO  : Lendo arquivo 'discover.names'
[09 Jun 2015 15:16:08,431] INFO  : -> Tempo de execucao: 1 segundo(s) 
[09 Jun 2015 15:16:08,432] INFO  :    - Quantidade lida:  12   
[09 Jun 2015 15:16:08,433] INFO  : Mapeando arquivo 'discover.names'
[09 Jun 2015 15:17:00,012] INFO  : ====== Inicio processamento: Tue Jun  9 15:17:00 2015  ===========  
[09 Jun 2015 15:17:00,016] INFO  : Lendo arquivo 'discover.names'
[09 Jun 2015 15:17:00,331] INFO  : -> Tempo de execucao: 0 segundo(s) 
[09 Jun 2015 15:17:00,331] INFO  :    - Quantidade lida:  3   
[09 Jun 2015 15:17:00,334] INFO  : Lendo arquivo 'discover.names'
[09 Jun 2015 15:17:01,535] INFO  : -> Tempo de execucao: 1 segundo(s) 
[09 Jun 2015 15:17:01,536] INFO  :    - Quantidade lida:  12   
[09 Jun 2015 15:17:01,536] INFO  : Mapeando arquivo 'discover.names'
[09 Jun 2015 15:17:14,441] INFO  : -> Tempo de execucao: 13 segundo(s) 
[09 Jun 2015 15:17:14,442] INFO  :    - Quantidade lida:  12   
[09 Jun 2015 15:17:14,442] INFO  : Buscando sinonimos de sinonimos e associando ao hash de 'mapeamento do arquivo names'
[09 Jun 2015 15:17:39,781] INFO  : -> Tempo de execucao: 25 segundo(s) 
[09 Jun 2015 15:17:39,781] INFO  :    - Quantidade lida:  6   
[09 Jun 2015 15:17:39,782] INFO  : Mapeando objetos e adicionando ao hash, as infor. do arquivo 'discover.data'
[09 Jun 2015 15:18:13,699] INFO  : ====== Inicio processamento: Tue Jun  9 15:18:13 2015  ===========  
[09 Jun 2015 15:18:13,700] INFO  : Lendo arquivo 'discover.names'
[09 Jun 2015 15:18:14,015] INFO  : -> Tempo de execucao: 1 segundo(s) 
[09 Jun 2015 15:18:14,016] INFO  :    - Quantidade lida:  3   
[09 Jun 2015 15:18:14,018] INFO  : Lendo arquivo 'discover.names'
[09 Jun 2015 15:18:15,220] INFO  : -> Tempo de execucao: 1 segundo(s) 
[09 Jun 2015 15:18:15,220] INFO  :    - Quantidade lida:  12   
[09 Jun 2015 15:18:15,221] INFO  : Mapeando arquivo 'discover.names'
[09 Jun 2015 15:18:28,161] INFO  : -> Tempo de execucao: 13 segundo(s) 
[09 Jun 2015 15:18:28,162] INFO  :    - Quantidade lida:  12   
[09 Jun 2015 15:18:28,163] INFO  : Buscando sinonimos de sinonimos e associando ao hash de 'mapeamento do arquivo names'
[09 Jun 2015 15:18:53,303] INFO  : -> Tempo de execucao: 25 segundo(s) 
[09 Jun 2015 15:18:53,303] INFO  :    - Quantidade lida:  6   
[09 Jun 2015 15:18:53,304] INFO  : Mapeando objetos e adicionando ao hash, as infor. do arquivo 'discover.data'
[09 Jun 2015 15:18:53,607] INFO  : -> Tempo de execucao: 0 segundo(s) 
[09 Jun 2015 15:18:53,608] INFO  :    - Quantidade lida:  3   
[09 Jun 2015 15:18:53,609] INFO  : >>>  Manipulando matriz do arquivo 'discover.data'
[09 Jun 2015 15:19:19,723] INFO  : ====== Inicio processamento: Tue Jun  9 15:19:19 2015  ===========  
[09 Jun 2015 15:19:19,724] INFO  : Lendo arquivo 'discover.names'
[09 Jun 2015 15:19:20,025] INFO  : -> Tempo de execucao: 1 segundo(s) 
[09 Jun 2015 15:19:20,026] INFO  :    - Quantidade lida:  3   
[09 Jun 2015 15:19:20,028] INFO  : Lendo arquivo 'discover.names'
[09 Jun 2015 15:19:21,233] INFO  : -> Tempo de execucao: 1 segundo(s) 
[09 Jun 2015 15:19:21,234] INFO  :    - Quantidade lida:  12   
[09 Jun 2015 15:19:21,235] INFO  : Mapeando arquivo 'discover.names'
[09 Jun 2015 15:19:34,605] INFO  : -> Tempo de execucao: 13 segundo(s) 
[09 Jun 2015 15:19:34,605] INFO  :    - Quantidade lida:  12   
[09 Jun 2015 15:19:34,605] INFO  : Buscando sinonimos de sinonimos e associando ao hash de 'mapeamento do arquivo names'
[09 Jun 2015 15:20:01,538] INFO  : -> Tempo de execucao: 27 segundo(s) 
[09 Jun 2015 15:20:01,538] INFO  :    - Quantidade lida:  6   
[09 Jun 2015 15:20:01,539] INFO  : Mapeando objetos e adicionando ao hash, as infor. do arquivo 'discover.data'
[09 Jun 2015 15:20:01,841] INFO  : -> Tempo de execucao: 0 segundo(s) 
[09 Jun 2015 15:20:01,842] INFO  :    - Quantidade lida:  3   
[09 Jun 2015 15:20:01,843] INFO  : >>>  Manipulando matriz do arquivo 'discover.data'
[09 Jun 2015 15:20:02,146] INFO  : -> Tempo de execucao: 1 segundo(s) 
[09 Jun 2015 15:20:02,147] INFO  :    - Quantidade lida:  3   
[09 Jun 2015 15:20:02,148] WARN  :     => Coluna para ser removida: 1 
[09 Jun 2015 15:20:02,149] WARN  :     => Coluna para ser removida: 4 
[09 Jun 2015 15:20:02,149] WARN  :     => Coluna para ser removida: 9 
[09 Jun 2015 15:20:02,150] INFO  : >>> Removendo colunas zeradas da matriz 'discover.data'
[09 Jun 2015 15:20:02,152] INFO  : >>> Rescrevendo em novo arquivo, as linhas do arquivo 'discover.data'
[09 Jun 2015 15:20:02,457] INFO  : -> Tempo de execucao: 0 segundo(s) 
[09 Jun 2015 15:20:02,459] INFO  :    - Quantidade lida:  3   
[09 Jun 2015 15:20:02,461] INFO  : ===== Fim processamento: Tue Jun  9 15:20:02 2015  ============= 
[09 Jun 2015 15:32:55,120] INFO  : ====== Inicio processamento: Tue Jun  9 15:32:55 2015  ===========  
[09 Jun 2015 15:32:55,120] INFO  : Lendo arquivo 'discover.names'
[09 Jun 2015 15:32:55,421] INFO  : -> Tempo de execucao: 0 segundo(s) 
[09 Jun 2015 15:32:55,422] INFO  :    - Quantidade lida:  3   
[09 Jun 2015 15:32:55,423] INFO  : Lendo arquivo 'discover.names'
[09 Jun 2015 15:32:56,629] INFO  : -> Tempo de execucao: 1 segundo(s) 
[09 Jun 2015 15:32:56,629] INFO  :    - Quantidade lida:  12   
[09 Jun 2015 15:32:56,630] INFO  : Mapeando arquivo 'discover.names'
[09 Jun 2015 15:34:26,300] INFO  : ====== Inicio processamento: Tue Jun  9 15:34:26 2015  ===========  
[09 Jun 2015 15:34:26,301] INFO  : Lendo arquivo 'discover.names'
[09 Jun 2015 15:34:26,603] INFO  : -> Tempo de execucao: 0 segundo(s) 
[09 Jun 2015 15:34:26,604] INFO  :    - Quantidade lida:  3   
[09 Jun 2015 15:34:26,606] INFO  : Lendo arquivo 'discover.names'
[09 Jun 2015 15:34:27,812] INFO  : -> Tempo de execucao: 1 segundo(s) 
[09 Jun 2015 15:34:27,813] INFO  :    - Quantidade lida:  12   
[09 Jun 2015 15:34:27,814] INFO  : Mapeando arquivo 'discover.names'
[09 Jun 2015 15:35:41,904] INFO  : ====== Inicio processamento: Tue Jun  9 15:35:41 2015  ===========  
[09 Jun 2015 15:35:41,905] INFO  : Lendo arquivo 'discover.names'
[09 Jun 2015 15:35:42,206] INFO  : -> Tempo de execucao: 1 segundo(s) 
[09 Jun 2015 15:35:42,208] INFO  :    - Quantidade lida:  3   
[09 Jun 2015 15:35:42,210] INFO  : Lendo arquivo 'discover.names'
[09 Jun 2015 15:35:43,413] INFO  : -> Tempo de execucao: 1 segundo(s) 
[09 Jun 2015 15:35:43,413] INFO  :    - Quantidade lida:  12   
[09 Jun 2015 15:35:43,413] INFO  : Mapeando arquivo 'discover.names'
[09 Jun 2015 15:35:56,538] INFO  : -> Tempo de execucao: 13 segundo(s) 
[09 Jun 2015 15:35:56,539] INFO  :    - Quantidade lida:  12   
[09 Jun 2015 15:35:56,540] INFO  : Buscando sinonimos de sinonimos e associando ao hash de 'mapeamento do arquivo names'
[09 Jun 2015 15:36:39,169] INFO  : ====== Inicio processamento: Tue Jun  9 15:36:39 2015  ===========  
[09 Jun 2015 15:36:39,170] INFO  : Lendo arquivo 'discover.names'
[09 Jun 2015 15:36:39,472] INFO  : -> Tempo de execucao: 0 segundo(s) 
[09 Jun 2015 15:36:39,473] INFO  :    - Quantidade lida:  3   
[09 Jun 2015 15:36:39,475] INFO  : Lendo arquivo 'discover.names'
[09 Jun 2015 15:36:40,680] INFO  : -> Tempo de execucao: 1 segundo(s) 
[09 Jun 2015 15:36:40,681] INFO  :    - Quantidade lida:  12   
[09 Jun 2015 15:36:40,681] INFO  : Mapeando arquivo 'discover.names'
[09 Jun 2015 15:36:53,884] INFO  : -> Tempo de execucao: 13 segundo(s) 
[09 Jun 2015 15:36:53,884] INFO  :    - Quantidade lida:  12   
[09 Jun 2015 15:36:53,885] INFO  : Buscando sinonimos de sinonimos e associando ao hash de 'mapeamento do arquivo names'
[09 Jun 2015 15:38:46,324] INFO  : ====== Inicio processamento: Tue Jun  9 15:38:46 2015  ===========  
[09 Jun 2015 15:38:46,345] INFO  : Lendo arquivo 'discover.names'
[09 Jun 2015 15:38:46,647] INFO  : -> Tempo de execucao: 0 segundo(s) 
[09 Jun 2015 15:38:46,648] INFO  :    - Quantidade lida:  3   
[09 Jun 2015 15:38:46,650] INFO  : Lendo arquivo 'discover.names'
[09 Jun 2015 15:38:47,854] INFO  : -> Tempo de execucao: 1 segundo(s) 
[09 Jun 2015 15:38:47,854] INFO  :    - Quantidade lida:  12   
[09 Jun 2015 15:38:47,854] INFO  : Mapeando arquivo 'discover.names'
[09 Jun 2015 15:39:00,757] INFO  : -> Tempo de execucao: 13 segundo(s) 
[09 Jun 2015 15:39:00,757] INFO  :    - Quantidade lida:  12   
[09 Jun 2015 15:39:00,758] INFO  : Buscando sinonimos de sinonimos e associando ao hash de 'mapeamento do arquivo names'
