[04 Jun 2015 17:29:25,647] INFO  : ====== Inicio processamento: Thu Jun  4 17:29:25 2015  ===========  
[04 Jun 2015 17:29:25,647] INFO  : Lendo arquivo 'discover.names'
[04 Jun 2015 17:29:31,658] INFO  : -> Tempo de execucao: 6 segundo(s) 
[04 Jun 2015 17:29:31,658] INFO  :    - Quantidade lida:  51   
[04 Jun 2015 17:29:31,659] INFO  : Lendo arquivo 'discover.names'
[04 Jun 2015 18:16:58,114] INFO  : -> Tempo de execucao: 2847 segundo(s) 
[04 Jun 2015 18:16:58,114] INFO  :    - Quantidade lida:  28421   
[04 Jun 2015 18:16:58,121] INFO  : Mapeando arquivo 'discover.names'
[05 Jun 2015 01:12:06,726] INFO  : -> Tempo de execucao: 24908 segundo(s) 
[05 Jun 2015 01:12:06,726] INFO  :    - Quantidade lida:  28421   
[05 Jun 2015 01:12:06,730] INFO  : Buscando sinonimos de sinonimos e associando ao hash de 'mapeamento do arquivo names'
[05 Jun 2015 08:57:38,677] INFO  : -> Tempo de execucao: 27932 segundo(s) 
[05 Jun 2015 08:57:38,677] INFO  :    - Quantidade lida:  2898   
[05 Jun 2015 08:57:38,682] INFO  : Mapeando objetos e adicionando ao hash, as infor. do arquivo 'discover.data'
[05 Jun 2015 09:29:52,077] INFO  : -> Tempo de execucao: 1934 segundo(s) 
[05 Jun 2015 09:29:52,078] INFO  :    - Quantidade lida:  51   
[05 Jun 2015 09:29:52,102] INFO  : >>>  Manipulando matriz do arquivo 'discover.data'
[05 Jun 2015 10:02:03,230] INFO  : -> Tempo de execucao: 1931 segundo(s) 
[05 Jun 2015 10:02:03,230] INFO  :    - Quantidade lida:  51   
[05 Jun 2015 10:02:03,230] WARN  :     => Coluna para ser removida: 1002 
[05 Jun 2015 10:02:03,230] WARN  :     => Coluna para ser removida: 1006 
[05 Jun 2015 10:02:03,231] WARN  :     => Coluna para ser removida: 1015 
[05 Jun 2015 10:02:03,231] WARN  :     => Coluna para ser removida: 103 
[05 Jun 2015 10:02:03,231] WARN  :     => Coluna para ser removida: 1030 
[05 Jun 2015 10:02:03,231] WARN  :     => Coluna para ser removida: 1053 
[05 Jun 2015 10:02:03,231] WARN  :     => Coluna para ser removida: 1054 
[05 Jun 2015 10:02:03,231] WARN  :     => Coluna para ser removida: 1079 
[05 Jun 2015 10:02:03,232] WARN  :     => Coluna para ser removida: 108 
[05 Jun 2015 10:02:03,232] WARN  :     => Coluna para ser removida: 11057 
[05 Jun 2015 10:02:03,232] WARN  :     => Coluna para ser removida: 1115 
[05 Jun 2015 10:02:03,232] WARN  :     => Coluna para ser removida: 1119 
[05 Jun 2015 10:02:03,232] WARN  :     => Coluna para ser removida: 1130 
[05 Jun 2015 10:02:03,232] WARN  :     => Coluna para ser removida: 1139 
[05 Jun 2015 10:02:03,232] WARN  :     => Coluna para ser removida: 11464 
[05 Jun 2015 10:02:03,233] WARN  :     => Coluna para ser removida: 11488 
[05 Jun 2015 10:02:03,233] WARN  :     => Coluna para ser removida: 1152 
[05 Jun 2015 10:02:03,233] WARN  :     => Coluna para ser removida: 1157 
[05 Jun 2015 10:02:03,233] WARN  :     => Coluna para ser removida: 1160 
[05 Jun 2015 10:02:03,233] WARN  :     => Coluna para ser removida: 1165 
[05 Jun 2015 10:02:03,233] WARN  :     => Coluna para ser removida: 1166 
[05 Jun 2015 10:02:03,233] WARN  :     => Coluna para ser removida: 11664 
[05 Jun 2015 10:02:03,234] WARN  :     => Coluna para ser removida: 1174 
[05 Jun 2015 10:02:03,234] WARN  :     => Coluna para ser removida: 1175 
[05 Jun 2015 10:02:03,234] WARN  :     => Coluna para ser removida: 1187 
[05 Jun 2015 10:02:03,234] WARN  :     => Coluna para ser removida: 12274 
[05 Jun 2015 10:02:03,234] WARN  :     => Coluna para ser removida: 1248 
[05 Jun 2015 10:02:03,234] WARN  :     => Coluna para ser removida: 1271 
[05 Jun 2015 10:02:03,235] WARN  :     => Coluna para ser removida: 1273 
[05 Jun 2015 10:02:03,235] WARN  :     => Coluna para ser removida: 129 
[05 Jun 2015 10:02:03,235] WARN  :     => Coluna para ser removida: 1307 
[05 Jun 2015 10:02:03,235] WARN  :     => Coluna para ser removida: 1311 
[05 Jun 2015 10:02:03,235] WARN  :     => Coluna para ser removida: 1326 
[05 Jun 2015 10:02:03,235] WARN  :     => Coluna para ser removida: 1332 
[05 Jun 2015 10:02:03,235] WARN  :     => Coluna para ser removida: 1338 
[05 Jun 2015 10:02:03,236] WARN  :     => Coluna para ser removida: 135 
[05 Jun 2015 10:02:03,236] WARN  :     => Coluna para ser removida: 1361 
[05 Jun 2015 10:02:03,237] WARN  :     => Coluna para ser removida: 1367 
[05 Jun 2015 10:02:03,238] WARN  :     => Coluna para ser removida: 1380 
[05 Jun 2015 10:02:03,239] WARN  :     => Coluna para ser removida: 1381 
[05 Jun 2015 10:02:03,240] WARN  :     => Coluna para ser removida: 1388 
[05 Jun 2015 10:02:03,240] WARN  :     => Coluna para ser removida: 1389 
[05 Jun 2015 10:02:03,242] WARN  :     => Coluna para ser removida: 1395 
[05 Jun 2015 10:02:03,243] WARN  :     => Coluna para ser removida: 1399 
[05 Jun 2015 10:02:03,244] WARN  :     => Coluna para ser removida: 1414 
[05 Jun 2015 10:02:03,245] WARN  :     => Coluna para ser removida: 1432 
[05 Jun 2015 10:02:03,245] WARN  :     => Coluna para ser removida: 1433 
[05 Jun 2015 10:02:03,246] WARN  :     => Coluna para ser removida: 1446 
[05 Jun 2015 10:02:03,247] WARN  :     => Coluna para ser removida: 147 
[05 Jun 2015 10:02:03,248] WARN  :     => Coluna para ser removida: 1475 
[05 Jun 2015 10:02:03,249] WARN  :     => Coluna para ser removida: 1487 
[05 Jun 2015 10:02:03,249] WARN  :     => Coluna para ser removida: 1491 
[05 Jun 2015 10:02:03,250] WARN  :     => Coluna para ser removida: 1499 
[05 Jun 2015 10:02:03,250] WARN  :     => Coluna para ser removida: 15007 
[05 Jun 2015 10:02:03,251] WARN  :     => Coluna para ser removida: 1503 
[05 Jun 2015 10:02:03,251] WARN  :     => Coluna para ser removida: 1513 
[05 Jun 2015 10:02:03,252] WARN  :     => Coluna para ser removida: 15375 
[05 Jun 2015 10:02:03,253] WARN  :     => Coluna para ser removida: 1543 
[05 Jun 2015 10:02:03,253] WARN  :     => Coluna para ser removida: 1551 
[05 Jun 2015 10:02:03,254] WARN  :     => Coluna para ser removida: 15716 
[05 Jun 2015 10:02:03,255] WARN  :     => Coluna para ser removida: 1572 
[05 Jun 2015 10:02:03,255] WARN  :     => Coluna para ser removida: 1581 
[05 Jun 2015 10:02:03,256] WARN  :     => Coluna para ser removida: 1597 
[05 Jun 2015 10:02:03,257] WARN  :     => Coluna para ser removida: 16 
[05 Jun 2015 10:02:03,257] WARN  :     => Coluna para ser removida: 16155 
[05 Jun 2015 10:02:03,258] WARN  :     => Coluna para ser removida: 1618 
[05 Jun 2015 10:02:03,259] WARN  :     => Coluna para ser removida: 1633 
[05 Jun 2015 10:02:03,259] WARN  :     => Coluna para ser removida: 1641 
[05 Jun 2015 10:02:03,260] WARN  :     => Coluna para ser removida: 1645 
[05 Jun 2015 10:02:03,261] WARN  :     => Coluna para ser removida: 1649 
[05 Jun 2015 10:02:03,261] WARN  :     => Coluna para ser removida: 1657 
[05 Jun 2015 10:02:03,262] WARN  :     => Coluna para ser removida: 1674 
[05 Jun 2015 10:02:03,263] WARN  :     => Coluna para ser removida: 1685 
[05 Jun 2015 10:02:03,263] WARN  :     => Coluna para ser removida: 1687 
[05 Jun 2015 10:02:03,264] WARN  :     => Coluna para ser removida: 169 
[05 Jun 2015 10:02:03,265] WARN  :     => Coluna para ser removida: 1692 
[05 Jun 2015 10:02:03,265] WARN  :     => Coluna para ser removida: 1706 
[05 Jun 2015 10:02:03,266] WARN  :     => Coluna para ser removida: 1712 
[05 Jun 2015 10:02:03,266] WARN  :     => Coluna para ser removida: 17332 
[05 Jun 2015 10:02:03,267] WARN  :     => Coluna para ser removida: 1734 
[05 Jun 2015 10:02:03,268] WARN  :     => Coluna para ser removida: 1735 
[05 Jun 2015 10:02:03,268] WARN  :     => Coluna para ser removida: 1758 
[05 Jun 2015 10:02:03,269] WARN  :     => Coluna para ser removida: 1800 
[05 Jun 2015 10:02:03,270] WARN  :     => Coluna para ser removida: 181 
[05 Jun 2015 10:02:03,271] WARN  :     => Coluna para ser removida: 1823 
[05 Jun 2015 10:02:03,271] WARN  :     => Coluna para ser removida: 1831 
[05 Jun 2015 10:02:03,272] WARN  :     => Coluna para ser removida: 1832 
[05 Jun 2015 10:02:03,273] WARN  :     => Coluna para ser removida: 1836 
[05 Jun 2015 10:02:03,273] WARN  :     => Coluna para ser removida: 1842 
[05 Jun 2015 10:02:03,274] WARN  :     => Coluna para ser removida: 1852 
[05 Jun 2015 10:02:03,275] WARN  :     => Coluna para ser removida: 1856 
[05 Jun 2015 10:02:03,275] WARN  :     => Coluna para ser removida: 18578 
[05 Jun 2015 10:02:03,276] WARN  :     => Coluna para ser removida: 1858 
[05 Jun 2015 10:02:03,277] WARN  :     => Coluna para ser removida: 1868 
[05 Jun 2015 10:02:03,277] WARN  :     => Coluna para ser removida: 187 
[05 Jun 2015 10:02:03,278] WARN  :     => Coluna para ser removida: 1870 
[05 Jun 2015 10:02:03,279] WARN  :     => Coluna para ser removida: 1878 
[05 Jun 2015 10:02:03,279] WARN  :     => Coluna para ser removida: 18956 
[05 Jun 2015 10:02:03,280] WARN  :     => Coluna para ser removida: 1900 
[05 Jun 2015 10:02:03,281] WARN  :     => Coluna para ser removida: 1905 
[05 Jun 2015 10:02:03,281] WARN  :     => Coluna para ser removida: 1908 
[05 Jun 2015 10:02:03,282] WARN  :     => Coluna para ser removida: 1911 
[05 Jun 2015 10:02:03,283] WARN  :     => Coluna para ser removida: 1920 
[05 Jun 2015 10:02:03,283] WARN  :     => Coluna para ser removida: 1921 
[05 Jun 2015 10:02:03,284] WARN  :     => Coluna para ser removida: 1927 
[05 Jun 2015 10:02:03,285] WARN  :     => Coluna para ser removida: 194 
[05 Jun 2015 10:02:03,286] WARN  :     => Coluna para ser removida: 19438 
[05 Jun 2015 10:02:03,286] WARN  :     => Coluna para ser removida: 1947 
[05 Jun 2015 10:02:03,287] WARN  :     => Coluna para ser removida: 1948 
[05 Jun 2015 10:02:03,287] WARN  :     => Coluna para ser removida: 1949 
[05 Jun 2015 10:02:03,288] WARN  :     => Coluna para ser removida: 195 
[05 Jun 2015 10:02:03,289] WARN  :     => Coluna para ser removida: 1971 
[05 Jun 2015 10:02:03,289] WARN  :     => Coluna para ser removida: 1973 
[05 Jun 2015 10:02:03,290] WARN  :     => Coluna para ser removida: 1992 
[05 Jun 2015 10:02:03,291] WARN  :     => Coluna para ser removida: 1999 
[05 Jun 2015 10:02:03,291] WARN  :     => Coluna para ser removida: 2002 
[05 Jun 2015 10:02:03,292] WARN  :     => Coluna para ser removida: 20054 
[05 Jun 2015 10:02:03,293] WARN  :     => Coluna para ser removida: 2007 
[05 Jun 2015 10:02:03,293] WARN  :     => Coluna para ser removida: 2022 
[05 Jun 2015 10:02:03,294] WARN  :     => Coluna para ser removida: 2038 
[05 Jun 2015 10:02:03,295] WARN  :     => Coluna para ser removida: 20527 
[05 Jun 2015 10:02:03,296] WARN  :     => Coluna para ser removida: 2061 
[05 Jun 2015 10:02:03,296] WARN  :     => Coluna para ser removida: 2063 
[05 Jun 2015 10:02:03,297] WARN  :     => Coluna para ser removida: 2067 
[05 Jun 2015 10:02:03,298] WARN  :     => Coluna para ser removida: 2101 
[05 Jun 2015 10:02:03,298] WARN  :     => Coluna para ser removida: 2103 
[05 Jun 2015 10:02:03,299] WARN  :     => Coluna para ser removida: 2108 
[05 Jun 2015 10:02:03,300] WARN  :     => Coluna para ser removida: 2129 
[05 Jun 2015 10:02:03,300] WARN  :     => Coluna para ser removida: 2133 
[05 Jun 2015 10:02:03,301] WARN  :     => Coluna para ser removida: 2142 
[05 Jun 2015 10:02:03,302] WARN  :     => Coluna para ser removida: 2144 
[05 Jun 2015 10:02:03,302] WARN  :     => Coluna para ser removida: 2145 
[05 Jun 2015 10:02:03,303] WARN  :     => Coluna para ser removida: 2158 
[05 Jun 2015 10:02:03,304] WARN  :     => Coluna para ser removida: 2159 
[05 Jun 2015 10:02:03,304] WARN  :     => Coluna para ser removida: 2160 
[05 Jun 2015 10:02:03,305] WARN  :     => Coluna para ser removida: 2166 
[05 Jun 2015 10:02:03,305] WARN  :     => Coluna para ser removida: 2168 
[05 Jun 2015 10:02:03,306] WARN  :     => Coluna para ser removida: 2170 
[05 Jun 2015 10:02:03,307] WARN  :     => Coluna para ser removida: 2187 
[05 Jun 2015 10:02:03,307] WARN  :     => Coluna para ser removida: 219 
[05 Jun 2015 10:02:03,308] WARN  :     => Coluna para ser removida: 2191 
[05 Jun 2015 10:02:03,309] WARN  :     => Coluna para ser removida: 2194 
[05 Jun 2015 10:02:03,309] WARN  :     => Coluna para ser removida: 2195 
[05 Jun 2015 10:02:03,310] WARN  :     => Coluna para ser removida: 2219 
[05 Jun 2015 10:02:03,311] WARN  :     => Coluna para ser removida: 2222 
[05 Jun 2015 10:02:03,312] WARN  :     => Coluna para ser removida: 2237 
[05 Jun 2015 10:02:03,312] WARN  :     => Coluna para ser removida: 224 
[05 Jun 2015 10:02:03,313] WARN  :     => Coluna para ser removida: 2241 
[05 Jun 2015 10:02:03,313] WARN  :     => Coluna para ser removida: 2249 
[05 Jun 2015 10:02:03,314] WARN  :     => Coluna para ser removida: 2250 
[05 Jun 2015 10:02:03,315] WARN  :     => Coluna para ser removida: 2251 
[05 Jun 2015 10:02:03,316] WARN  :     => Coluna para ser removida: 2253 
[05 Jun 2015 10:02:03,316] WARN  :     => Coluna para ser removida: 2263 
[05 Jun 2015 10:02:03,317] WARN  :     => Coluna para ser removida: 2282 
[05 Jun 2015 10:02:03,317] WARN  :     => Coluna para ser removida: 2286 
[05 Jun 2015 10:02:03,318] WARN  :     => Coluna para ser removida: 2289 
[05 Jun 2015 10:02:03,319] WARN  :     => Coluna para ser removida: 2297 
[05 Jun 2015 10:02:03,319] WARN  :     => Coluna para ser removida: 2298 
[05 Jun 2015 10:02:03,320] WARN  :     => Coluna para ser removida: 23043 
[05 Jun 2015 10:02:03,321] WARN  :     => Coluna para ser removida: 2309 
[05 Jun 2015 10:02:03,321] WARN  :     => Coluna para ser removida: 2324 
[05 Jun 2015 10:02:03,322] WARN  :     => Coluna para ser removida: 2329 
[05 Jun 2015 10:02:03,323] WARN  :     => Coluna para ser removida: 2331 
[05 Jun 2015 10:02:03,323] WARN  :     => Coluna para ser removida: 234 
[05 Jun 2015 10:02:03,324] WARN  :     => Coluna para ser removida: 23402 
[05 Jun 2015 10:02:03,325] WARN  :     => Coluna para ser removida: 2342 
[05 Jun 2015 10:02:03,325] WARN  :     => Coluna para ser removida: 2349 
[05 Jun 2015 10:02:03,326] WARN  :     => Coluna para ser removida: 2352 
[05 Jun 2015 10:02:03,327] WARN  :     => Coluna para ser removida: 2353 
[05 Jun 2015 10:02:03,327] WARN  :     => Coluna para ser removida: 2361 
[05 Jun 2015 10:02:03,328] WARN  :     => Coluna para ser removida: 2364 
[05 Jun 2015 10:02:03,329] WARN  :     => Coluna para ser removida: 2366 
[05 Jun 2015 10:02:03,329] WARN  :     => Coluna para ser removida: 2367 
[05 Jun 2015 10:02:03,330] WARN  :     => Coluna para ser removida: 2374 
[05 Jun 2015 10:02:03,330] WARN  :     => Coluna para ser removida: 2380 
[05 Jun 2015 10:02:03,331] WARN  :     => Coluna para ser removida: 2397 
[05 Jun 2015 10:02:03,332] WARN  :     => Coluna para ser removida: 2399 
[05 Jun 2015 10:02:03,332] WARN  :     => Coluna para ser removida: 2407 
[05 Jun 2015 10:02:03,333] WARN  :     => Coluna para ser removida: 2408 
[05 Jun 2015 10:02:03,334] WARN  :     => Coluna para ser removida: 2412 
[05 Jun 2015 10:02:03,334] WARN  :     => Coluna para ser removida: 24210 
[05 Jun 2015 10:02:03,335] WARN  :     => Coluna para ser removida: 2426 
[05 Jun 2015 10:02:03,335] WARN  :     => Coluna para ser removida: 2436 
[05 Jun 2015 10:02:03,337] WARN  :     => Coluna para ser removida: 244 
[05 Jun 2015 10:02:03,339] WARN  :     => Coluna para ser removida: 24486 
[05 Jun 2015 10:02:03,339] WARN  :     => Coluna para ser removida: 2465 
[05 Jun 2015 10:02:03,340] WARN  :     => Coluna para ser removida: 2469 
[05 Jun 2015 10:02:03,341] WARN  :     => Coluna para ser removida: 248 
[05 Jun 2015 10:02:03,342] WARN  :     => Coluna para ser removida: 2482 
[05 Jun 2015 10:02:03,342] WARN  :     => Coluna para ser removida: 2494 
[05 Jun 2015 10:02:03,343] WARN  :     => Coluna para ser removida: 2497 
[05 Jun 2015 10:02:03,344] WARN  :     => Coluna para ser removida: 2501 
[05 Jun 2015 10:02:03,345] WARN  :     => Coluna para ser removida: 2506 
[05 Jun 2015 10:02:03,346] WARN  :     => Coluna para ser removida: 2513 
[05 Jun 2015 10:02:03,347] WARN  :     => Coluna para ser removida: 2518 
[05 Jun 2015 10:02:03,347] WARN  :     => Coluna para ser removida: 2521 
[05 Jun 2015 10:02:03,348] WARN  :     => Coluna para ser removida: 2525 
[05 Jun 2015 10:02:03,348] WARN  :     => Coluna para ser removida: 2538 
[05 Jun 2015 10:02:03,349] WARN  :     => Coluna para ser removida: 2539 
[05 Jun 2015 10:02:03,350] WARN  :     => Coluna para ser removida: 2542 
[05 Jun 2015 10:02:03,350] WARN  :     => Coluna para ser removida: 2552 
[05 Jun 2015 10:02:03,351] WARN  :     => Coluna para ser removida: 2563 
[05 Jun 2015 10:02:03,351] WARN  :     => Coluna para ser removida: 2566 
[05 Jun 2015 10:02:03,352] WARN  :     => Coluna para ser removida: 2569 
[05 Jun 2015 10:02:03,352] WARN  :     => Coluna para ser removida: 2580 
[05 Jun 2015 10:02:03,353] WARN  :     => Coluna para ser removida: 2583 
[05 Jun 2015 10:02:03,353] WARN  :     => Coluna para ser removida: 26011 
[05 Jun 2015 10:02:03,354] WARN  :     => Coluna para ser removida: 2607 
[05 Jun 2015 10:02:03,354] WARN  :     => Coluna para ser removida: 2608 
[05 Jun 2015 10:02:03,355] WARN  :     => Coluna para ser removida: 2613 
[05 Jun 2015 10:02:03,355] WARN  :     => Coluna para ser removida: 2615 
[05 Jun 2015 10:02:03,356] WARN  :     => Coluna para ser removida: 2630 
[05 Jun 2015 10:02:03,356] WARN  :     => Coluna para ser removida: 2637 
[05 Jun 2015 10:02:03,357] WARN  :     => Coluna para ser removida: 2643 
[05 Jun 2015 10:02:03,357] WARN  :     => Coluna para ser removida: 2644 
[05 Jun 2015 10:02:03,358] WARN  :     => Coluna para ser removida: 2650 
[05 Jun 2015 10:02:03,358] WARN  :     => Coluna para ser removida: 2654 
[05 Jun 2015 10:02:03,359] WARN  :     => Coluna para ser removida: 2657 
[05 Jun 2015 10:02:03,359] WARN  :     => Coluna para ser removida: 2673 
[05 Jun 2015 10:02:03,360] WARN  :     => Coluna para ser removida: 2678 
[05 Jun 2015 10:02:03,360] WARN  :     => Coluna para ser removida: 2699 
[05 Jun 2015 10:02:03,361] WARN  :     => Coluna para ser removida: 2703 
[05 Jun 2015 10:02:03,361] WARN  :     => Coluna para ser removida: 2704 
[05 Jun 2015 10:02:03,362] WARN  :     => Coluna para ser removida: 2706 
[05 Jun 2015 10:02:03,362] WARN  :     => Coluna para ser removida: 2709 
[05 Jun 2015 10:02:03,363] WARN  :     => Coluna para ser removida: 27142 
[05 Jun 2015 10:02:03,363] WARN  :     => Coluna para ser removida: 2724 
[05 Jun 2015 10:02:03,364] WARN  :     => Coluna para ser removida: 2728 
[05 Jun 2015 10:02:03,364] WARN  :     => Coluna para ser removida: 273 
[05 Jun 2015 10:02:03,365] WARN  :     => Coluna para ser removida: 2733 
[05 Jun 2015 10:02:03,365] WARN  :     => Coluna para ser removida: 27393 
[05 Jun 2015 10:02:03,366] WARN  :     => Coluna para ser removida: 2745 
[05 Jun 2015 10:02:03,366] WARN  :     => Coluna para ser removida: 2749 
[05 Jun 2015 10:02:03,367] WARN  :     => Coluna para ser removida: 2751 
[05 Jun 2015 10:02:03,367] WARN  :     => Coluna para ser removida: 2757 
[05 Jun 2015 10:02:03,368] WARN  :     => Coluna para ser removida: 2774 
[05 Jun 2015 10:02:03,369] WARN  :     => Coluna para ser removida: 2785 
[05 Jun 2015 10:02:03,369] WARN  :     => Coluna para ser removida: 27901 
[05 Jun 2015 10:02:03,370] WARN  :     => Coluna para ser removida: 2794 
[05 Jun 2015 10:02:03,370] WARN  :     => Coluna para ser removida: 2798 
[05 Jun 2015 10:02:03,371] WARN  :     => Coluna para ser removida: 2799 
[05 Jun 2015 10:02:03,371] WARN  :     => Coluna para ser removida: 27995 
[05 Jun 2015 10:02:03,372] WARN  :     => Coluna para ser removida: 2801 
[05 Jun 2015 10:02:03,372] WARN  :     => Coluna para ser removida: 2804 
[05 Jun 2015 10:02:03,373] WARN  :     => Coluna para ser removida: 2805 
[05 Jun 2015 10:02:03,374] WARN  :     => Coluna para ser removida: 2811 
[05 Jun 2015 10:02:03,374] WARN  :     => Coluna para ser removida: 2813 
[05 Jun 2015 10:02:03,375] WARN  :     => Coluna para ser removida: 2815 
[05 Jun 2015 10:02:03,375] WARN  :     => Coluna para ser removida: 2816 
[05 Jun 2015 10:02:03,376] WARN  :     => Coluna para ser removida: 28178 
[05 Jun 2015 10:02:03,376] WARN  :     => Coluna para ser removida: 28233 
[05 Jun 2015 10:02:03,377] WARN  :     => Coluna para ser removida: 2829 
[05 Jun 2015 10:02:03,377] WARN  :     => Coluna para ser removida: 2830 
[05 Jun 2015 10:02:03,378] WARN  :     => Coluna para ser removida: 2835 
[05 Jun 2015 10:02:03,379] WARN  :     => Coluna para ser removida: 2836 
[05 Jun 2015 10:02:03,379] WARN  :     => Coluna para ser removida: 2838 
[05 Jun 2015 10:02:03,380] WARN  :     => Coluna para ser removida: 2839 
[05 Jun 2015 10:02:03,380] WARN  :     => Coluna para ser removida: 284 
[05 Jun 2015 10:02:03,381] WARN  :     => Coluna para ser removida: 285 
[05 Jun 2015 10:02:03,381] WARN  :     => Coluna para ser removida: 2853 
[05 Jun 2015 10:02:03,382] WARN  :     => Coluna para ser removida: 2864 
[05 Jun 2015 10:02:03,382] WARN  :     => Coluna para ser removida: 2872 
[05 Jun 2015 10:02:03,383] WARN  :     => Coluna para ser removida: 2876 
[05 Jun 2015 10:02:03,383] WARN  :     => Coluna para ser removida: 2886 
[05 Jun 2015 10:02:03,384] WARN  :     => Coluna para ser removida: 2899 
[05 Jun 2015 10:02:03,384] WARN  :     => Coluna para ser removida: 2910 
[05 Jun 2015 10:02:03,385] WARN  :     => Coluna para ser removida: 2914 
[05 Jun 2015 10:02:03,385] WARN  :     => Coluna para ser removida: 2916 
[05 Jun 2015 10:02:03,386] WARN  :     => Coluna para ser removida: 2923 
[05 Jun 2015 10:02:03,387] WARN  :     => Coluna para ser removida: 2924 
[05 Jun 2015 10:02:03,387] WARN  :     => Coluna para ser removida: 2925 
[05 Jun 2015 10:02:03,388] WARN  :     => Coluna para ser removida: 2937 
[05 Jun 2015 10:02:03,389] WARN  :     => Coluna para ser removida: 2948 
[05 Jun 2015 10:02:03,389] WARN  :     => Coluna para ser removida: 2952 
[05 Jun 2015 10:02:03,390] WARN  :     => Coluna para ser removida: 2960 
[05 Jun 2015 10:02:03,390] WARN  :     => Coluna para ser removida: 2963 
[05 Jun 2015 10:02:03,391] WARN  :     => Coluna para ser removida: 2978 
[05 Jun 2015 10:02:03,391] WARN  :     => Coluna para ser removida: 298 
[05 Jun 2015 10:02:03,392] WARN  :     => Coluna para ser removida: 2984 
[05 Jun 2015 10:02:03,392] WARN  :     => Coluna para ser removida: 2991 
[05 Jun 2015 10:02:03,392] WARN  :     => Coluna para ser removida: 2993 
[05 Jun 2015 10:02:03,393] WARN  :     => Coluna para ser removida: 3015 
[05 Jun 2015 10:02:03,393] WARN  :     => Coluna para ser removida: 3016 
[05 Jun 2015 10:02:03,393] WARN  :     => Coluna para ser removida: 3020 
[05 Jun 2015 10:02:03,393] WARN  :     => Coluna para ser removida: 3021 
[05 Jun 2015 10:02:03,393] WARN  :     => Coluna para ser removida: 3022 
[05 Jun 2015 10:02:03,393] WARN  :     => Coluna para ser removida: 3026 
[05 Jun 2015 10:02:03,394] WARN  :     => Coluna para ser removida: 3038 
[05 Jun 2015 10:02:03,394] WARN  :     => Coluna para ser removida: 3041 
[05 Jun 2015 10:02:03,394] WARN  :     => Coluna para ser removida: 3052 
[05 Jun 2015 10:02:03,394] WARN  :     => Coluna para ser removida: 306 
[05 Jun 2015 10:02:03,394] WARN  :     => Coluna para ser removida: 3081 
[05 Jun 2015 10:02:03,394] WARN  :     => Coluna para ser removida: 3086 
[05 Jun 2015 10:02:03,394] WARN  :     => Coluna para ser removida: 3091 
[05 Jun 2015 10:02:03,395] WARN  :     => Coluna para ser removida: 3100 
[05 Jun 2015 10:02:03,395] WARN  :     => Coluna para ser removida: 3107 
[05 Jun 2015 10:02:03,395] WARN  :     => Coluna para ser removida: 3113 
[05 Jun 2015 10:02:03,395] WARN  :     => Coluna para ser removida: 3114 
[05 Jun 2015 10:02:03,395] WARN  :     => Coluna para ser removida: 3124 
[05 Jun 2015 10:02:03,395] WARN  :     => Coluna para ser removida: 3125 
[05 Jun 2015 10:02:03,396] WARN  :     => Coluna para ser removida: 3129 
[05 Jun 2015 10:02:03,396] WARN  :     => Coluna para ser removida: 3133 
[05 Jun 2015 10:02:03,396] WARN  :     => Coluna para ser removida: 3134 
[05 Jun 2015 10:02:03,396] WARN  :     => Coluna para ser removida: 3144 
[05 Jun 2015 10:02:03,396] WARN  :     => Coluna para ser removida: 3158 
[05 Jun 2015 10:02:03,397] WARN  :     => Coluna para ser removida: 3164 
[05 Jun 2015 10:02:03,397] WARN  :     => Coluna para ser removida: 3182 
[05 Jun 2015 10:02:03,397] WARN  :     => Coluna para ser removida: 3189 
[05 Jun 2015 10:02:03,397] WARN  :     => Coluna para ser removida: 319 
[05 Jun 2015 10:02:03,397] WARN  :     => Coluna para ser removida: 3191 
[05 Jun 2015 10:02:03,397] WARN  :     => Coluna para ser removida: 3192 
[05 Jun 2015 10:02:03,398] WARN  :     => Coluna para ser removida: 3198 
[05 Jun 2015 10:02:03,398] WARN  :     => Coluna para ser removida: 320 
[05 Jun 2015 10:02:03,398] WARN  :     => Coluna para ser removida: 3202 
[05 Jun 2015 10:02:03,398] WARN  :     => Coluna para ser removida: 323 
[05 Jun 2015 10:02:03,398] WARN  :     => Coluna para ser removida: 3231 
[05 Jun 2015 10:02:03,398] WARN  :     => Coluna para ser removida: 3232 
[05 Jun 2015 10:02:03,399] WARN  :     => Coluna para ser removida: 324 
[05 Jun 2015 10:02:03,399] WARN  :     => Coluna para ser removida: 3240 
[05 Jun 2015 10:02:03,399] WARN  :     => Coluna para ser removida: 3260 
[05 Jun 2015 10:02:03,399] WARN  :     => Coluna para ser removida: 3275 
[05 Jun 2015 10:02:03,399] WARN  :     => Coluna para ser removida: 3280 
[05 Jun 2015 10:02:03,399] WARN  :     => Coluna para ser removida: 3283 
[05 Jun 2015 10:02:03,400] WARN  :     => Coluna para ser removida: 3286 
[05 Jun 2015 10:02:03,400] WARN  :     => Coluna para ser removida: 3296 
[05 Jun 2015 10:02:03,400] WARN  :     => Coluna para ser removida: 3312 
[05 Jun 2015 10:02:03,400] WARN  :     => Coluna para ser removida: 3322 
[05 Jun 2015 10:02:03,400] WARN  :     => Coluna para ser removida: 3341 
[05 Jun 2015 10:02:03,400] WARN  :     => Coluna para ser removida: 3344 
[05 Jun 2015 10:02:03,401] WARN  :     => Coluna para ser removida: 3345 
[05 Jun 2015 10:02:03,401] WARN  :     => Coluna para ser removida: 3346 
[05 Jun 2015 10:02:03,401] WARN  :     => Coluna para ser removida: 3355 
[05 Jun 2015 10:02:03,401] WARN  :     => Coluna para ser removida: 3366 
[05 Jun 2015 10:02:03,401] WARN  :     => Coluna para ser removida: 3369 
[05 Jun 2015 10:02:03,401] WARN  :     => Coluna para ser removida: 3370 
[05 Jun 2015 10:02:03,402] WARN  :     => Coluna para ser removida: 3372 
[05 Jun 2015 10:02:03,402] WARN  :     => Coluna para ser removida: 3379 
[05 Jun 2015 10:02:03,402] WARN  :     => Coluna para ser removida: 3380 
[05 Jun 2015 10:02:03,402] WARN  :     => Coluna para ser removida: 3381 
[05 Jun 2015 10:02:03,402] WARN  :     => Coluna para ser removida: 3382 
[05 Jun 2015 10:02:03,402] WARN  :     => Coluna para ser removida: 3387 
[05 Jun 2015 10:02:03,402] WARN  :     => Coluna para ser removida: 3389 
[05 Jun 2015 10:02:03,403] WARN  :     => Coluna para ser removida: 3392 
[05 Jun 2015 10:02:03,403] WARN  :     => Coluna para ser removida: 3395 
[05 Jun 2015 10:02:03,403] WARN  :     => Coluna para ser removida: 3398 
[05 Jun 2015 10:02:03,403] WARN  :     => Coluna para ser removida: 3401 
[05 Jun 2015 10:02:03,403] WARN  :     => Coluna para ser removida: 3404 
[05 Jun 2015 10:02:03,404] WARN  :     => Coluna para ser removida: 3408 
[05 Jun 2015 10:02:03,404] WARN  :     => Coluna para ser removida: 3424 
[05 Jun 2015 10:02:03,404] WARN  :     => Coluna para ser removida: 3430 
[05 Jun 2015 10:02:03,404] WARN  :     => Coluna para ser removida: 3443 
[05 Jun 2015 10:02:03,404] WARN  :     => Coluna para ser removida: 3446 
[05 Jun 2015 10:02:03,404] WARN  :     => Coluna para ser removida: 3447 
[05 Jun 2015 10:02:03,405] WARN  :     => Coluna para ser removida: 3452 
[05 Jun 2015 10:02:03,405] WARN  :     => Coluna para ser removida: 3471 
[05 Jun 2015 10:02:03,405] WARN  :     => Coluna para ser removida: 3478 
[05 Jun 2015 10:02:03,405] WARN  :     => Coluna para ser removida: 3480 
[05 Jun 2015 10:02:03,405] WARN  :     => Coluna para ser removida: 3482 
[05 Jun 2015 10:02:03,405] WARN  :     => Coluna para ser removida: 3487 
[05 Jun 2015 10:02:03,406] WARN  :     => Coluna para ser removida: 3494 
[05 Jun 2015 10:02:03,406] WARN  :     => Coluna para ser removida: 3497 
[05 Jun 2015 10:02:03,406] WARN  :     => Coluna para ser removida: 3498 
[05 Jun 2015 10:02:03,406] WARN  :     => Coluna para ser removida: 3500 
[05 Jun 2015 10:02:03,406] WARN  :     => Coluna para ser removida: 3504 
[05 Jun 2015 10:02:03,406] WARN  :     => Coluna para ser removida: 351 
[05 Jun 2015 10:02:03,406] WARN  :     => Coluna para ser removida: 3526 
[05 Jun 2015 10:02:03,407] WARN  :     => Coluna para ser removida: 355 
[05 Jun 2015 10:02:03,407] WARN  :     => Coluna para ser removida: 3556 
[05 Jun 2015 10:02:03,407] WARN  :     => Coluna para ser removida: 356 
[05 Jun 2015 10:02:03,407] WARN  :     => Coluna para ser removida: 3563 
[05 Jun 2015 10:02:03,407] WARN  :     => Coluna para ser removida: 3566 
[05 Jun 2015 10:02:03,407] WARN  :     => Coluna para ser removida: 3574 
[05 Jun 2015 10:02:03,408] WARN  :     => Coluna para ser removida: 3582 
[05 Jun 2015 10:02:03,408] WARN  :     => Coluna para ser removida: 3596 
[05 Jun 2015 10:02:03,408] WARN  :     => Coluna para ser removida: 3600 
[05 Jun 2015 10:02:03,408] WARN  :     => Coluna para ser removida: 3602 
[05 Jun 2015 10:02:03,408] WARN  :     => Coluna para ser removida: 3603 
[05 Jun 2015 10:02:03,408] WARN  :     => Coluna para ser removida: 3608 
[05 Jun 2015 10:02:03,409] WARN  :     => Coluna para ser removida: 3632 
[05 Jun 2015 10:02:03,409] WARN  :     => Coluna para ser removida: 3647 
[05 Jun 2015 10:02:03,409] WARN  :     => Coluna para ser removida: 365 
[05 Jun 2015 10:02:03,409] WARN  :     => Coluna para ser removida: 3651 
[05 Jun 2015 10:02:03,409] WARN  :     => Coluna para ser removida: 3661 
[05 Jun 2015 10:02:03,409] WARN  :     => Coluna para ser removida: 3664 
[05 Jun 2015 10:02:03,410] WARN  :     => Coluna para ser removida: 3666 
[05 Jun 2015 10:02:03,410] WARN  :     => Coluna para ser removida: 3673 
[05 Jun 2015 10:02:03,410] WARN  :     => Coluna para ser removida: 3674 
[05 Jun 2015 10:02:03,410] WARN  :     => Coluna para ser removida: 3684 
[05 Jun 2015 10:02:03,410] WARN  :     => Coluna para ser removida: 3685 
[05 Jun 2015 10:02:03,410] WARN  :     => Coluna para ser removida: 3687 
[05 Jun 2015 10:02:03,410] WARN  :     => Coluna para ser removida: 3695 
[05 Jun 2015 10:02:03,411] WARN  :     => Coluna para ser removida: 3706 
[05 Jun 2015 10:02:03,411] WARN  :     => Coluna para ser removida: 3712 
[05 Jun 2015 10:02:03,411] WARN  :     => Coluna para ser removida: 3714 
[05 Jun 2015 10:02:03,411] WARN  :     => Coluna para ser removida: 3716 
[05 Jun 2015 10:02:03,411] WARN  :     => Coluna para ser removida: 3717 
[05 Jun 2015 10:02:03,411] WARN  :     => Coluna para ser removida: 3721 
[05 Jun 2015 10:02:03,412] WARN  :     => Coluna para ser removida: 3729 
[05 Jun 2015 10:02:03,412] WARN  :     => Coluna para ser removida: 3733 
[05 Jun 2015 10:02:03,412] WARN  :     => Coluna para ser removida: 3741 
[05 Jun 2015 10:02:03,412] WARN  :     => Coluna para ser removida: 3748 
[05 Jun 2015 10:02:03,412] WARN  :     => Coluna para ser removida: 375 
[05 Jun 2015 10:02:03,412] WARN  :     => Coluna para ser removida: 3751 
[05 Jun 2015 10:02:03,413] WARN  :     => Coluna para ser removida: 3754 
[05 Jun 2015 10:02:03,413] WARN  :     => Coluna para ser removida: 3765 
[05 Jun 2015 10:02:03,413] WARN  :     => Coluna para ser removida: 3774 
[05 Jun 2015 10:02:03,413] WARN  :     => Coluna para ser removida: 3781 
[05 Jun 2015 10:02:03,413] WARN  :     => Coluna para ser removida: 3787 
[05 Jun 2015 10:02:03,413] WARN  :     => Coluna para ser removida: 3791 
[05 Jun 2015 10:02:03,414] WARN  :     => Coluna para ser removida: 3798 
[05 Jun 2015 10:02:03,414] WARN  :     => Coluna para ser removida: 3799 
[05 Jun 2015 10:02:03,414] WARN  :     => Coluna para ser removida: 3802 
[05 Jun 2015 10:02:03,414] WARN  :     => Coluna para ser removida: 3806 
[05 Jun 2015 10:02:03,414] WARN  :     => Coluna para ser removida: 3812 
[05 Jun 2015 10:02:03,414] WARN  :     => Coluna para ser removida: 3813 
[05 Jun 2015 10:02:03,415] WARN  :     => Coluna para ser removida: 3815 
[05 Jun 2015 10:02:03,415] WARN  :     => Coluna para ser removida: 3819 
[05 Jun 2015 10:02:03,415] WARN  :     => Coluna para ser removida: 3822 
[05 Jun 2015 10:02:03,415] WARN  :     => Coluna para ser removida: 3826 
[05 Jun 2015 10:02:03,415] WARN  :     => Coluna para ser removida: 3829 
[05 Jun 2015 10:02:03,416] WARN  :     => Coluna para ser removida: 3830 
[05 Jun 2015 10:02:03,416] WARN  :     => Coluna para ser removida: 3845 
[05 Jun 2015 10:02:03,416] WARN  :     => Coluna para ser removida: 385 
[05 Jun 2015 10:02:03,416] WARN  :     => Coluna para ser removida: 3850 
[05 Jun 2015 10:02:03,416] WARN  :     => Coluna para ser removida: 3853 
[05 Jun 2015 10:02:03,416] WARN  :     => Coluna para ser removida: 3862 
[05 Jun 2015 10:02:03,417] WARN  :     => Coluna para ser removida: 3863 
[05 Jun 2015 10:02:03,417] WARN  :     => Coluna para ser removida: 3886 
[05 Jun 2015 10:02:03,417] WARN  :     => Coluna para ser removida: 3888 
[05 Jun 2015 10:02:03,417] WARN  :     => Coluna para ser removida: 3902 
[05 Jun 2015 10:02:03,417] WARN  :     => Coluna para ser removida: 391 
[05 Jun 2015 10:02:03,418] WARN  :     => Coluna para ser removida: 3913 
[05 Jun 2015 10:02:03,418] WARN  :     => Coluna para ser removida: 3926 
[05 Jun 2015 10:02:03,418] WARN  :     => Coluna para ser removida: 3942 
[05 Jun 2015 10:02:03,418] WARN  :     => Coluna para ser removida: 3951 
[05 Jun 2015 10:02:03,418] WARN  :     => Coluna para ser removida: 3953 
[05 Jun 2015 10:02:03,418] WARN  :     => Coluna para ser removida: 3957 
[05 Jun 2015 10:02:03,419] WARN  :     => Coluna para ser removida: 3958 
[05 Jun 2015 10:02:03,419] WARN  :     => Coluna para ser removida: 3959 
[05 Jun 2015 10:02:03,419] WARN  :     => Coluna para ser removida: 3965 
[05 Jun 2015 10:02:03,419] WARN  :     => Coluna para ser removida: 3977 
[05 Jun 2015 10:02:03,419] WARN  :     => Coluna para ser removida: 3980 
[05 Jun 2015 10:02:03,420] WARN  :     => Coluna para ser removida: 3984 
[05 Jun 2015 10:02:03,420] WARN  :     => Coluna para ser removida: 3996 
[05 Jun 2015 10:02:03,420] WARN  :     => Coluna para ser removida: 40 
[05 Jun 2015 10:02:03,420] WARN  :     => Coluna para ser removida: 4000 
[05 Jun 2015 10:02:03,420] WARN  :     => Coluna para ser removida: 4001 
[05 Jun 2015 10:02:03,421] WARN  :     => Coluna para ser removida: 4003 
[05 Jun 2015 10:02:03,421] WARN  :     => Coluna para ser removida: 4005 
[05 Jun 2015 10:02:03,421] WARN  :     => Coluna para ser removida: 4007 
[05 Jun 2015 10:02:03,421] WARN  :     => Coluna para ser removida: 4011 
[05 Jun 2015 10:02:03,421] WARN  :     => Coluna para ser removida: 4014 
[05 Jun 2015 10:02:03,422] WARN  :     => Coluna para ser removida: 4015 
[05 Jun 2015 10:02:03,422] WARN  :     => Coluna para ser removida: 4018 
[05 Jun 2015 10:02:03,422] WARN  :     => Coluna para ser removida: 4019 
[05 Jun 2015 10:02:03,422] WARN  :     => Coluna para ser removida: 4028 
[05 Jun 2015 10:02:03,423] WARN  :     => Coluna para ser removida: 4030 
[05 Jun 2015 10:02:03,423] WARN  :     => Coluna para ser removida: 4031 
[05 Jun 2015 10:02:03,423] WARN  :     => Coluna para ser removida: 4032 
[05 Jun 2015 10:02:03,423] WARN  :     => Coluna para ser removida: 4042 
[05 Jun 2015 10:02:03,423] WARN  :     => Coluna para ser removida: 4050 
[05 Jun 2015 10:02:03,424] WARN  :     => Coluna para ser removida: 4052 
[05 Jun 2015 10:02:03,424] WARN  :     => Coluna para ser removida: 4054 
[05 Jun 2015 10:02:03,424] WARN  :     => Coluna para ser removida: 4055 
[05 Jun 2015 10:02:03,424] WARN  :     => Coluna para ser removida: 4056 
[05 Jun 2015 10:02:03,425] WARN  :     => Coluna para ser removida: 4064 
[05 Jun 2015 10:02:03,425] WARN  :     => Coluna para ser removida: 4066 
[05 Jun 2015 10:02:03,425] WARN  :     => Coluna para ser removida: 4067 
[05 Jun 2015 10:02:03,425] WARN  :     => Coluna para ser removida: 4069 
[05 Jun 2015 10:02:03,425] WARN  :     => Coluna para ser removida: 4080 
[05 Jun 2015 10:02:03,426] WARN  :     => Coluna para ser removida: 4085 
[05 Jun 2015 10:02:03,426] WARN  :     => Coluna para ser removida: 4090 
[05 Jun 2015 10:02:03,426] WARN  :     => Coluna para ser removida: 4097 
[05 Jun 2015 10:02:03,426] WARN  :     => Coluna para ser removida: 41 
[05 Jun 2015 10:02:03,426] WARN  :     => Coluna para ser removida: 410 
[05 Jun 2015 10:02:03,426] WARN  :     => Coluna para ser removida: 4106 
[05 Jun 2015 10:02:03,427] WARN  :     => Coluna para ser removida: 4109 
[05 Jun 2015 10:02:03,427] WARN  :     => Coluna para ser removida: 4110 
[05 Jun 2015 10:02:03,427] WARN  :     => Coluna para ser removida: 4112 
[05 Jun 2015 10:02:03,427] WARN  :     => Coluna para ser removida: 4122 
[05 Jun 2015 10:02:03,428] WARN  :     => Coluna para ser removida: 4125 
[05 Jun 2015 10:02:03,428] WARN  :     => Coluna para ser removida: 4128 
[05 Jun 2015 10:02:03,428] WARN  :     => Coluna para ser removida: 4134 
[05 Jun 2015 10:02:03,428] WARN  :     => Coluna para ser removida: 4137 
[05 Jun 2015 10:02:03,428] WARN  :     => Coluna para ser removida: 4138 
[05 Jun 2015 10:02:03,429] WARN  :     => Coluna para ser removida: 4143 
[05 Jun 2015 10:02:03,429] WARN  :     => Coluna para ser removida: 4144 
[05 Jun 2015 10:02:03,429] WARN  :     => Coluna para ser removida: 4146 
[05 Jun 2015 10:02:03,429] WARN  :     => Coluna para ser removida: 4148 
[05 Jun 2015 10:02:03,429] WARN  :     => Coluna para ser removida: 4150 
[05 Jun 2015 10:02:03,429] WARN  :     => Coluna para ser removida: 4158 
[05 Jun 2015 10:02:03,430] WARN  :     => Coluna para ser removida: 4164 
[05 Jun 2015 10:02:03,430] WARN  :     => Coluna para ser removida: 4176 
[05 Jun 2015 10:02:03,430] WARN  :     => Coluna para ser removida: 4192 
[05 Jun 2015 10:02:03,430] WARN  :     => Coluna para ser removida: 4202 
[05 Jun 2015 10:02:03,430] WARN  :     => Coluna para ser removida: 4208 
[05 Jun 2015 10:02:03,430] WARN  :     => Coluna para ser removida: 421 
[05 Jun 2015 10:02:03,431] WARN  :     => Coluna para ser removida: 4213 
[05 Jun 2015 10:02:03,431] WARN  :     => Coluna para ser removida: 4221 
[05 Jun 2015 10:02:03,431] WARN  :     => Coluna para ser removida: 4233 
[05 Jun 2015 10:02:03,431] WARN  :     => Coluna para ser removida: 4234 
[05 Jun 2015 10:02:03,431] WARN  :     => Coluna para ser removida: 4238 
[05 Jun 2015 10:02:03,432] WARN  :     => Coluna para ser removida: 4245 
[05 Jun 2015 10:02:03,432] WARN  :     => Coluna para ser removida: 4248 
[05 Jun 2015 10:02:03,432] WARN  :     => Coluna para ser removida: 4249 
[05 Jun 2015 10:02:03,432] WARN  :     => Coluna para ser removida: 425 
[05 Jun 2015 10:02:03,433] WARN  :     => Coluna para ser removida: 4250 
[05 Jun 2015 10:02:03,433] WARN  :     => Coluna para ser removida: 4255 
[05 Jun 2015 10:02:03,433] WARN  :     => Coluna para ser removida: 426 
[05 Jun 2015 10:02:03,433] WARN  :     => Coluna para ser removida: 4262 
[05 Jun 2015 10:02:03,434] WARN  :     => Coluna para ser removida: 4265 
[05 Jun 2015 10:02:03,434] WARN  :     => Coluna para ser removida: 427 
[05 Jun 2015 10:02:03,434] WARN  :     => Coluna para ser removida: 4273 
[05 Jun 2015 10:02:03,434] WARN  :     => Coluna para ser removida: 4274 
[05 Jun 2015 10:02:03,434] WARN  :     => Coluna para ser removida: 4290 
[05 Jun 2015 10:02:03,435] WARN  :     => Coluna para ser removida: 4291 
[05 Jun 2015 10:02:03,435] WARN  :     => Coluna para ser removida: 4292 
[05 Jun 2015 10:02:03,435] WARN  :     => Coluna para ser removida: 4300 
[05 Jun 2015 10:02:03,435] WARN  :     => Coluna para ser removida: 4301 
[05 Jun 2015 10:02:03,435] WARN  :     => Coluna para ser removida: 4306 
[05 Jun 2015 10:02:03,436] WARN  :     => Coluna para ser removida: 4320 
[05 Jun 2015 10:02:03,436] WARN  :     => Coluna para ser removida: 4342 
[05 Jun 2015 10:02:03,436] WARN  :     => Coluna para ser removida: 4343 
[05 Jun 2015 10:02:03,436] WARN  :     => Coluna para ser removida: 435 
[05 Jun 2015 10:02:03,436] WARN  :     => Coluna para ser removida: 4351 
[05 Jun 2015 10:02:03,436] WARN  :     => Coluna para ser removida: 4359 
[05 Jun 2015 10:02:03,437] WARN  :     => Coluna para ser removida: 4381 
[05 Jun 2015 10:02:03,437] WARN  :     => Coluna para ser removida: 4385 
[05 Jun 2015 10:02:03,437] WARN  :     => Coluna para ser removida: 4388 
[05 Jun 2015 10:02:03,437] WARN  :     => Coluna para ser removida: 4389 
[05 Jun 2015 10:02:03,437] WARN  :     => Coluna para ser removida: 4390 
[05 Jun 2015 10:02:03,438] WARN  :     => Coluna para ser removida: 4391 
[05 Jun 2015 10:02:03,438] WARN  :     => Coluna para ser removida: 4393 
[05 Jun 2015 10:02:03,438] WARN  :     => Coluna para ser removida: 4404 
[05 Jun 2015 10:02:03,438] WARN  :     => Coluna para ser removida: 4405 
[05 Jun 2015 10:02:03,439] WARN  :     => Coluna para ser removida: 4413 
[05 Jun 2015 10:02:03,439] WARN  :     => Coluna para ser removida: 4419 
[05 Jun 2015 10:02:03,439] WARN  :     => Coluna para ser removida: 4423 
[05 Jun 2015 10:02:03,439] WARN  :     => Coluna para ser removida: 4424 
[05 Jun 2015 10:02:03,439] WARN  :     => Coluna para ser removida: 4430 
[05 Jun 2015 10:02:03,440] WARN  :     => Coluna para ser removida: 4431 
[05 Jun 2015 10:02:03,440] WARN  :     => Coluna para ser removida: 4434 
[05 Jun 2015 10:02:03,440] WARN  :     => Coluna para ser removida: 4438 
[05 Jun 2015 10:02:03,440] WARN  :     => Coluna para ser removida: 4441 
[05 Jun 2015 10:02:03,440] WARN  :     => Coluna para ser removida: 4444 
[05 Jun 2015 10:02:03,440] WARN  :     => Coluna para ser removida: 4445 
[05 Jun 2015 10:02:03,441] WARN  :     => Coluna para ser removida: 4447 
[05 Jun 2015 10:02:03,441] WARN  :     => Coluna para ser removida: 4451 
[05 Jun 2015 10:02:03,441] WARN  :     => Coluna para ser removida: 4452 
[05 Jun 2015 10:02:03,441] WARN  :     => Coluna para ser removida: 4455 
[05 Jun 2015 10:02:03,442] WARN  :     => Coluna para ser removida: 4459 
[05 Jun 2015 10:02:03,442] WARN  :     => Coluna para ser removida: 4463 
[05 Jun 2015 10:02:03,442] WARN  :     => Coluna para ser removida: 4468 
[05 Jun 2015 10:02:03,442] WARN  :     => Coluna para ser removida: 4476 
[05 Jun 2015 10:02:03,442] WARN  :     => Coluna para ser removida: 4478 
[05 Jun 2015 10:02:03,443] WARN  :     => Coluna para ser removida: 4485 
[05 Jun 2015 10:02:03,443] WARN  :     => Coluna para ser removida: 4490 
[05 Jun 2015 10:02:03,443] WARN  :     => Coluna para ser removida: 4492 
[05 Jun 2015 10:02:03,443] WARN  :     => Coluna para ser removida: 4493 
[05 Jun 2015 10:02:03,444] WARN  :     => Coluna para ser removida: 4494 
[05 Jun 2015 10:02:03,444] WARN  :     => Coluna para ser removida: 4498 
[05 Jun 2015 10:02:03,444] WARN  :     => Coluna para ser removida: 45 
[05 Jun 2015 10:02:03,444] WARN  :     => Coluna para ser removida: 4502 
[05 Jun 2015 10:02:03,444] WARN  :     => Coluna para ser removida: 4506 
[05 Jun 2015 10:02:03,445] WARN  :     => Coluna para ser removida: 4511 
[05 Jun 2015 10:02:03,445] WARN  :     => Coluna para ser removida: 4512 
[05 Jun 2015 10:02:03,445] WARN  :     => Coluna para ser removida: 4518 
[05 Jun 2015 10:02:03,445] WARN  :     => Coluna para ser removida: 4521 
[05 Jun 2015 10:02:03,445] WARN  :     => Coluna para ser removida: 4522 
[05 Jun 2015 10:02:03,446] WARN  :     => Coluna para ser removida: 4523 
[05 Jun 2015 10:02:03,446] WARN  :     => Coluna para ser removida: 4531 
[05 Jun 2015 10:02:03,446] WARN  :     => Coluna para ser removida: 4535 
[05 Jun 2015 10:02:03,446] WARN  :     => Coluna para ser removida: 4540 
[05 Jun 2015 10:02:03,446] WARN  :     => Coluna para ser removida: 472 
[05 Jun 2015 10:02:03,447] WARN  :     => Coluna para ser removida: 473 
[05 Jun 2015 10:02:03,447] WARN  :     => Coluna para ser removida: 480 
[05 Jun 2015 10:02:03,447] WARN  :     => Coluna para ser removida: 49 
[05 Jun 2015 10:02:03,447] WARN  :     => Coluna para ser removida: 492 
[05 Jun 2015 10:02:03,447] WARN  :     => Coluna para ser removida: 496 
[05 Jun 2015 10:02:03,447] WARN  :     => Coluna para ser removida: 5 
[05 Jun 2015 10:02:03,448] WARN  :     => Coluna para ser removida: 513 
[05 Jun 2015 10:02:03,448] WARN  :     => Coluna para ser removida: 523 
[05 Jun 2015 10:02:03,448] WARN  :     => Coluna para ser removida: 526 
[05 Jun 2015 10:02:03,448] WARN  :     => Coluna para ser removida: 531 
[05 Jun 2015 10:02:03,449] WARN  :     => Coluna para ser removida: 533 
[05 Jun 2015 10:02:03,449] WARN  :     => Coluna para ser removida: 543 
[05 Jun 2015 10:02:03,449] WARN  :     => Coluna para ser removida: 547 
[05 Jun 2015 10:02:03,449] WARN  :     => Coluna para ser removida: 550 
[05 Jun 2015 10:02:03,450] WARN  :     => Coluna para ser removida: 562 
[05 Jun 2015 10:02:03,450] WARN  :     => Coluna para ser removida: 578 
[05 Jun 2015 10:02:03,450] WARN  :     => Coluna para ser removida: 58 
[05 Jun 2015 10:02:03,450] WARN  :     => Coluna para ser removida: 589 
[05 Jun 2015 10:02:03,451] WARN  :     => Coluna para ser removida: 590 
[05 Jun 2015 10:02:03,451] WARN  :     => Coluna para ser removida: 594 
[05 Jun 2015 10:02:03,451] WARN  :     => Coluna para ser removida: 606 
[05 Jun 2015 10:02:03,451] WARN  :     => Coluna para ser removida: 6156 
[05 Jun 2015 10:02:03,451] WARN  :     => Coluna para ser removida: 628 
[05 Jun 2015 10:02:03,451] WARN  :     => Coluna para ser removida: 650 
[05 Jun 2015 10:02:03,452] WARN  :     => Coluna para ser removida: 6547 
[05 Jun 2015 10:02:03,452] WARN  :     => Coluna para ser removida: 659 
[05 Jun 2015 10:02:03,452] WARN  :     => Coluna para ser removida: 660 
[05 Jun 2015 10:02:03,452] WARN  :     => Coluna para ser removida: 662 
[05 Jun 2015 10:02:03,452] WARN  :     => Coluna para ser removida: 663 
[05 Jun 2015 10:02:03,453] WARN  :     => Coluna para ser removida: 674 
[05 Jun 2015 10:02:03,453] WARN  :     => Coluna para ser removida: 692 
[05 Jun 2015 10:02:03,453] WARN  :     => Coluna para ser removida: 693 
[05 Jun 2015 10:02:03,453] WARN  :     => Coluna para ser removida: 695 
[05 Jun 2015 10:02:03,453] WARN  :     => Coluna para ser removida: 698 
[05 Jun 2015 10:02:03,453] WARN  :     => Coluna para ser removida: 714 
[05 Jun 2015 10:02:03,454] WARN  :     => Coluna para ser removida: 716 
[05 Jun 2015 10:02:03,454] WARN  :     => Coluna para ser removida: 725 
[05 Jun 2015 10:02:03,454] WARN  :     => Coluna para ser removida: 7330 
[05 Jun 2015 10:02:03,454] WARN  :     => Coluna para ser removida: 743 
[05 Jun 2015 10:02:03,454] WARN  :     => Coluna para ser removida: 749 
[05 Jun 2015 10:02:03,455] WARN  :     => Coluna para ser removida: 754 
[05 Jun 2015 10:02:03,455] WARN  :     => Coluna para ser removida: 758 
[05 Jun 2015 10:02:03,455] WARN  :     => Coluna para ser removida: 769 
[05 Jun 2015 10:02:03,455] WARN  :     => Coluna para ser removida: 782 
[05 Jun 2015 10:02:03,456] WARN  :     => Coluna para ser removida: 783 
[05 Jun 2015 10:02:03,456] WARN  :     => Coluna para ser removida: 784 
[05 Jun 2015 10:02:03,456] WARN  :     => Coluna para ser removida: 797 
[05 Jun 2015 10:02:03,456] WARN  :     => Coluna para ser removida: 801 
[05 Jun 2015 10:02:03,457] WARN  :     => Coluna para ser removida: 811 
[05 Jun 2015 10:02:03,457] WARN  :     => Coluna para ser removida: 815 
[05 Jun 2015 10:02:03,457] WARN  :     => Coluna para ser removida: 817 
[05 Jun 2015 10:02:03,458] WARN  :     => Coluna para ser removida: 822 
[05 Jun 2015 10:02:03,458] WARN  :     => Coluna para ser removida: 844 
[05 Jun 2015 10:02:03,458] WARN  :     => Coluna para ser removida: 85 
[05 Jun 2015 10:02:03,458] WARN  :     => Coluna para ser removida: 866 
[05 Jun 2015 10:02:03,458] WARN  :     => Coluna para ser removida: 883 
[05 Jun 2015 10:02:03,459] WARN  :     => Coluna para ser removida: 895 
[05 Jun 2015 10:02:03,459] WARN  :     => Coluna para ser removida: 898 
[05 Jun 2015 10:02:03,459] WARN  :     => Coluna para ser removida: 904 
[05 Jun 2015 10:02:03,459] WARN  :     => Coluna para ser removida: 916 
[05 Jun 2015 10:02:03,459] WARN  :     => Coluna para ser removida: 92 
[05 Jun 2015 10:02:03,460] WARN  :     => Coluna para ser removida: 9203 
[05 Jun 2015 10:02:03,460] WARN  :     => Coluna para ser removida: 933 
[05 Jun 2015 10:02:03,460] WARN  :     => Coluna para ser removida: 937 
[05 Jun 2015 10:02:03,460] WARN  :     => Coluna para ser removida: 945 
[05 Jun 2015 10:02:03,461] WARN  :     => Coluna para ser removida: 946 
[05 Jun 2015 10:02:03,461] WARN  :     => Coluna para ser removida: 960 
[05 Jun 2015 10:02:03,461] WARN  :     => Coluna para ser removida: 961 
[05 Jun 2015 10:02:03,461] WARN  :     => Coluna para ser removida: 966 
[05 Jun 2015 10:02:03,461] WARN  :     => Coluna para ser removida: 9786 
[05 Jun 2015 10:02:03,462] WARN  :     => Coluna para ser removida: 98 
[05 Jun 2015 10:02:03,462] WARN  :     => Coluna para ser removida: 9913 
[05 Jun 2015 10:02:03,462] INFO  : >>> Removendo colunas zeradas da matriz 'discover.data'
[05 Jun 2015 10:02:03,462] INFO  : >>> Rescrevendo em novo arquivo, as linhas do arquivo 'discover.data'
[05 Jun 2015 10:02:08,901] INFO  : -> Tempo de execucao: 5 segundo(s) 
[05 Jun 2015 10:02:08,902] INFO  :    - Quantidade lida:  51   
[05 Jun 2015 10:02:08,945] INFO  : ===== Fim processamento: Fri Jun  5 10:02:08 2015  ============= 
